[2023-10-02T03:43:04.356+0000] {taskinstance.py:1171} INFO - Dependencies all met for <TaskInstance: Valdi_LC8.get_data manual__2023-10-02T03:42:57.818290+00:00 [queued]>
[2023-10-02T03:43:04.415+0000] {taskinstance.py:1171} INFO - Dependencies all met for <TaskInstance: Valdi_LC8.get_data manual__2023-10-02T03:42:57.818290+00:00 [queued]>
[2023-10-02T03:43:04.423+0000] {taskinstance.py:1368} INFO - 
--------------------------------------------------------------------------------
[2023-10-02T03:43:04.430+0000] {taskinstance.py:1369} INFO - Starting attempt 1 of 2
[2023-10-02T03:43:04.450+0000] {taskinstance.py:1370} INFO - 
--------------------------------------------------------------------------------
[2023-10-02T03:43:04.625+0000] {taskinstance.py:1389} INFO - Executing <Task(PythonOperator): get_data> on 2023-10-02 03:42:57.818290+00:00
[2023-10-02T03:43:04.669+0000] {standard_task_runner.py:52} INFO - Started process 225 to run task
[2023-10-02T03:43:04.698+0000] {standard_task_runner.py:79} INFO - Running: ['***', 'tasks', 'run', 'Valdi_LC8', 'get_data', 'manual__2023-10-02T03:42:57.818290+00:00', '--job-id', '16', '--raw', '--subdir', 'DAGS_FOLDER/P2G8_Rivaldi_Valensia_DAG.py', '--cfg-path', '/tmp/tmp47z4hlq1', '--error-file', '/tmp/tmpup29u23k']
[2023-10-02T03:43:04.716+0000] {standard_task_runner.py:80} INFO - Job 16: Subtask get_data
[2023-10-02T03:43:05.221+0000] {task_command.py:371} INFO - Running <TaskInstance: Valdi_LC8.get_data manual__2023-10-02T03:42:57.818290+00:00 [running]> on host 5f5d0b98abe4
[2023-10-02T03:43:05.679+0000] {taskinstance.py:1583} INFO - Exporting the following env vars:
AIRFLOW_CTX_DAG_OWNER=Valdi
AIRFLOW_CTX_DAG_ID=Valdi_LC8
AIRFLOW_CTX_TASK_ID=get_data
AIRFLOW_CTX_EXECUTION_DATE=2023-10-02T03:42:57.818290+00:00
AIRFLOW_CTX_TRY_NUMBER=1
AIRFLOW_CTX_DAG_RUN_ID=manual__2023-10-02T03:42:57.818290+00:00
[2023-10-02T03:43:05.926+0000] {python.py:173} INFO - Done. Returned value was: None
[2023-10-02T03:43:06.120+0000] {taskinstance.py:1412} INFO - Marking task as SUCCESS. dag_id=Valdi_LC8, task_id=get_data, execution_date=20231002T034257, start_date=20231002T034304, end_date=20231002T034306
[2023-10-02T03:43:06.395+0000] {local_task_job.py:156} INFO - Task exited with return code 0
[2023-10-02T03:43:06.660+0000] {local_task_job.py:279} INFO - 1 downstream tasks scheduled from follow-on schedule check
