[2023-10-02T03:48:52.406+0000] {taskinstance.py:1171} INFO - Dependencies all met for <TaskInstance: Valdi_LC8.cleaning_data manual__2023-10-02T03:48:49.604131+00:00 [queued]>
[2023-10-02T03:48:52.426+0000] {taskinstance.py:1171} INFO - Dependencies all met for <TaskInstance: Valdi_LC8.cleaning_data manual__2023-10-02T03:48:49.604131+00:00 [queued]>
[2023-10-02T03:48:52.427+0000] {taskinstance.py:1368} INFO - 
--------------------------------------------------------------------------------
[2023-10-02T03:48:52.429+0000] {taskinstance.py:1369} INFO - Starting attempt 1 of 2
[2023-10-02T03:48:52.430+0000] {taskinstance.py:1370} INFO - 
--------------------------------------------------------------------------------
[2023-10-02T03:48:52.456+0000] {taskinstance.py:1389} INFO - Executing <Task(PythonOperator): cleaning_data> on 2023-10-02 03:48:49.604131+00:00
[2023-10-02T03:48:52.470+0000] {standard_task_runner.py:52} INFO - Started process 514 to run task
[2023-10-02T03:48:52.477+0000] {standard_task_runner.py:79} INFO - Running: ['***', 'tasks', 'run', 'Valdi_LC8', 'cleaning_data', 'manual__2023-10-02T03:48:49.604131+00:00', '--job-id', '21', '--raw', '--subdir', 'DAGS_FOLDER/P2G8_Rivaldi_Valensia_DAG.py', '--cfg-path', '/tmp/tmp57mfaktp', '--error-file', '/tmp/tmpbwdzdme8']
[2023-10-02T03:48:52.481+0000] {standard_task_runner.py:80} INFO - Job 21: Subtask cleaning_data
[2023-10-02T03:48:52.690+0000] {task_command.py:371} INFO - Running <TaskInstance: Valdi_LC8.cleaning_data manual__2023-10-02T03:48:49.604131+00:00 [running]> on host 5f5d0b98abe4
[2023-10-02T03:48:52.851+0000] {taskinstance.py:1583} INFO - Exporting the following env vars:
AIRFLOW_CTX_DAG_OWNER=Valdi
AIRFLOW_CTX_DAG_ID=Valdi_LC8
AIRFLOW_CTX_TASK_ID=cleaning_data
AIRFLOW_CTX_EXECUTION_DATE=2023-10-02T03:48:49.604131+00:00
AIRFLOW_CTX_TRY_NUMBER=1
AIRFLOW_CTX_DAG_RUN_ID=manual__2023-10-02T03:48:49.604131+00:00
[2023-10-02T03:48:58.125+0000] {logging_mixin.py:115} INFO - -------Data Saved------
[2023-10-02T03:48:58.175+0000] {python.py:173} INFO - Done. Returned value was: None
[2023-10-02T03:48:58.217+0000] {taskinstance.py:1412} INFO - Marking task as SUCCESS. dag_id=Valdi_LC8, task_id=cleaning_data, execution_date=20231002T034849, start_date=20231002T034852, end_date=20231002T034858
[2023-10-02T03:48:58.297+0000] {local_task_job.py:156} INFO - Task exited with return code 0
[2023-10-02T03:48:58.362+0000] {local_task_job.py:279} INFO - 0 downstream tasks scheduled from follow-on schedule check
