[2023-10-01T10:50:04.001+0000] {processor.py:153} INFO - Started process (PID=195) to work on /opt/airflow/dags/utils/P2M3_Rivaldi_Valensia.py
[2023-10-01T10:50:04.012+0000] {processor.py:640} INFO - Processing file /opt/airflow/dags/utils/P2M3_Rivaldi_Valensia.py for tasks to queue
[2023-10-01T10:50:04.024+0000] {logging_mixin.py:115} INFO - [2023-10-01T10:50:04.018+0000] {dagbag.py:508} INFO - Filling up the DagBag from /opt/airflow/dags/utils/P2M3_Rivaldi_Valensia.py
[2023-10-01T10:50:13.379+0000] {processor.py:652} WARNING - No viable dags retrieved from /opt/airflow/dags/utils/P2M3_Rivaldi_Valensia.py
[2023-10-01T10:50:13.462+0000] {processor.py:161} INFO - Processing /opt/airflow/dags/utils/P2M3_Rivaldi_Valensia.py took 9.494 seconds
[2023-10-01T10:50:43.872+0000] {processor.py:153} INFO - Started process (PID=207) to work on /opt/airflow/dags/utils/P2M3_Rivaldi_Valensia.py
[2023-10-01T10:50:43.877+0000] {processor.py:640} INFO - Processing file /opt/airflow/dags/utils/P2M3_Rivaldi_Valensia.py for tasks to queue
[2023-10-01T10:50:43.880+0000] {logging_mixin.py:115} INFO - [2023-10-01T10:50:43.880+0000] {dagbag.py:508} INFO - Filling up the DagBag from /opt/airflow/dags/utils/P2M3_Rivaldi_Valensia.py
[2023-10-01T10:50:47.066+0000] {processor.py:652} WARNING - No viable dags retrieved from /opt/airflow/dags/utils/P2M3_Rivaldi_Valensia.py
[2023-10-01T10:50:47.207+0000] {processor.py:161} INFO - Processing /opt/airflow/dags/utils/P2M3_Rivaldi_Valensia.py took 3.341 seconds
[2023-10-01T10:51:17.341+0000] {processor.py:153} INFO - Started process (PID=219) to work on /opt/airflow/dags/utils/P2M3_Rivaldi_Valensia.py
[2023-10-01T10:51:17.343+0000] {processor.py:640} INFO - Processing file /opt/airflow/dags/utils/P2M3_Rivaldi_Valensia.py for tasks to queue
[2023-10-01T10:51:17.346+0000] {logging_mixin.py:115} INFO - [2023-10-01T10:51:17.346+0000] {dagbag.py:508} INFO - Filling up the DagBag from /opt/airflow/dags/utils/P2M3_Rivaldi_Valensia.py
[2023-10-01T10:51:18.525+0000] {processor.py:652} WARNING - No viable dags retrieved from /opt/airflow/dags/utils/P2M3_Rivaldi_Valensia.py
[2023-10-01T10:51:18.593+0000] {processor.py:161} INFO - Processing /opt/airflow/dags/utils/P2M3_Rivaldi_Valensia.py took 1.256 seconds
[2023-10-01T10:51:48.759+0000] {processor.py:153} INFO - Started process (PID=231) to work on /opt/airflow/dags/utils/P2M3_Rivaldi_Valensia.py
[2023-10-01T10:51:48.761+0000] {processor.py:640} INFO - Processing file /opt/airflow/dags/utils/P2M3_Rivaldi_Valensia.py for tasks to queue
[2023-10-01T10:51:48.764+0000] {logging_mixin.py:115} INFO - [2023-10-01T10:51:48.764+0000] {dagbag.py:508} INFO - Filling up the DagBag from /opt/airflow/dags/utils/P2M3_Rivaldi_Valensia.py
[2023-10-01T10:51:49.349+0000] {processor.py:652} WARNING - No viable dags retrieved from /opt/airflow/dags/utils/P2M3_Rivaldi_Valensia.py
[2023-10-01T10:51:49.380+0000] {processor.py:161} INFO - Processing /opt/airflow/dags/utils/P2M3_Rivaldi_Valensia.py took 0.625 seconds
[2023-10-01T10:52:19.506+0000] {processor.py:153} INFO - Started process (PID=243) to work on /opt/airflow/dags/utils/P2M3_Rivaldi_Valensia.py
[2023-10-01T10:52:19.510+0000] {processor.py:640} INFO - Processing file /opt/airflow/dags/utils/P2M3_Rivaldi_Valensia.py for tasks to queue
[2023-10-01T10:52:19.511+0000] {logging_mixin.py:115} INFO - [2023-10-01T10:52:19.511+0000] {dagbag.py:508} INFO - Filling up the DagBag from /opt/airflow/dags/utils/P2M3_Rivaldi_Valensia.py
[2023-10-01T10:52:19.987+0000] {processor.py:652} WARNING - No viable dags retrieved from /opt/airflow/dags/utils/P2M3_Rivaldi_Valensia.py
[2023-10-01T10:52:20.020+0000] {processor.py:161} INFO - Processing /opt/airflow/dags/utils/P2M3_Rivaldi_Valensia.py took 0.518 seconds
[2023-10-01T10:52:50.155+0000] {processor.py:153} INFO - Started process (PID=255) to work on /opt/airflow/dags/utils/P2M3_Rivaldi_Valensia.py
[2023-10-01T10:52:50.156+0000] {processor.py:640} INFO - Processing file /opt/airflow/dags/utils/P2M3_Rivaldi_Valensia.py for tasks to queue
[2023-10-01T10:52:50.158+0000] {logging_mixin.py:115} INFO - [2023-10-01T10:52:50.157+0000] {dagbag.py:508} INFO - Filling up the DagBag from /opt/airflow/dags/utils/P2M3_Rivaldi_Valensia.py
[2023-10-01T10:52:50.622+0000] {processor.py:652} WARNING - No viable dags retrieved from /opt/airflow/dags/utils/P2M3_Rivaldi_Valensia.py
[2023-10-01T10:52:50.643+0000] {processor.py:161} INFO - Processing /opt/airflow/dags/utils/P2M3_Rivaldi_Valensia.py took 0.492 seconds
[2023-10-01T10:53:20.767+0000] {processor.py:153} INFO - Started process (PID=267) to work on /opt/airflow/dags/utils/P2M3_Rivaldi_Valensia.py
[2023-10-01T10:53:20.772+0000] {processor.py:640} INFO - Processing file /opt/airflow/dags/utils/P2M3_Rivaldi_Valensia.py for tasks to queue
[2023-10-01T10:53:20.774+0000] {logging_mixin.py:115} INFO - [2023-10-01T10:53:20.774+0000] {dagbag.py:508} INFO - Filling up the DagBag from /opt/airflow/dags/utils/P2M3_Rivaldi_Valensia.py
[2023-10-01T10:53:21.499+0000] {processor.py:652} WARNING - No viable dags retrieved from /opt/airflow/dags/utils/P2M3_Rivaldi_Valensia.py
[2023-10-01T10:53:21.520+0000] {processor.py:161} INFO - Processing /opt/airflow/dags/utils/P2M3_Rivaldi_Valensia.py took 0.760 seconds
[2023-10-01T10:53:51.643+0000] {processor.py:153} INFO - Started process (PID=285) to work on /opt/airflow/dags/utils/P2M3_Rivaldi_Valensia.py
[2023-10-01T10:53:51.646+0000] {processor.py:640} INFO - Processing file /opt/airflow/dags/utils/P2M3_Rivaldi_Valensia.py for tasks to queue
[2023-10-01T10:53:51.648+0000] {logging_mixin.py:115} INFO - [2023-10-01T10:53:51.648+0000] {dagbag.py:508} INFO - Filling up the DagBag from /opt/airflow/dags/utils/P2M3_Rivaldi_Valensia.py
[2023-10-01T10:53:52.235+0000] {processor.py:652} WARNING - No viable dags retrieved from /opt/airflow/dags/utils/P2M3_Rivaldi_Valensia.py
[2023-10-01T10:53:52.268+0000] {processor.py:161} INFO - Processing /opt/airflow/dags/utils/P2M3_Rivaldi_Valensia.py took 0.628 seconds
[2023-10-01T10:54:22.441+0000] {processor.py:153} INFO - Started process (PID=321) to work on /opt/airflow/dags/utils/P2M3_Rivaldi_Valensia.py
[2023-10-01T10:54:22.446+0000] {processor.py:640} INFO - Processing file /opt/airflow/dags/utils/P2M3_Rivaldi_Valensia.py for tasks to queue
[2023-10-01T10:54:22.450+0000] {logging_mixin.py:115} INFO - [2023-10-01T10:54:22.449+0000] {dagbag.py:508} INFO - Filling up the DagBag from /opt/airflow/dags/utils/P2M3_Rivaldi_Valensia.py
[2023-10-01T10:54:25.341+0000] {processor.py:652} WARNING - No viable dags retrieved from /opt/airflow/dags/utils/P2M3_Rivaldi_Valensia.py
[2023-10-01T10:54:25.416+0000] {processor.py:161} INFO - Processing /opt/airflow/dags/utils/P2M3_Rivaldi_Valensia.py took 2.983 seconds
[2023-10-01T10:54:55.618+0000] {processor.py:153} INFO - Started process (PID=339) to work on /opt/airflow/dags/utils/P2M3_Rivaldi_Valensia.py
[2023-10-01T10:54:55.620+0000] {processor.py:640} INFO - Processing file /opt/airflow/dags/utils/P2M3_Rivaldi_Valensia.py for tasks to queue
[2023-10-01T10:54:55.621+0000] {logging_mixin.py:115} INFO - [2023-10-01T10:54:55.621+0000] {dagbag.py:508} INFO - Filling up the DagBag from /opt/airflow/dags/utils/P2M3_Rivaldi_Valensia.py
[2023-10-01T10:54:56.127+0000] {processor.py:652} WARNING - No viable dags retrieved from /opt/airflow/dags/utils/P2M3_Rivaldi_Valensia.py
[2023-10-01T10:54:56.148+0000] {processor.py:161} INFO - Processing /opt/airflow/dags/utils/P2M3_Rivaldi_Valensia.py took 0.534 seconds
[2023-10-01T10:55:26.971+0000] {processor.py:153} INFO - Started process (PID=356) to work on /opt/airflow/dags/utils/P2M3_Rivaldi_Valensia.py
[2023-10-01T10:55:26.974+0000] {processor.py:640} INFO - Processing file /opt/airflow/dags/utils/P2M3_Rivaldi_Valensia.py for tasks to queue
[2023-10-01T10:55:26.976+0000] {logging_mixin.py:115} INFO - [2023-10-01T10:55:26.976+0000] {dagbag.py:508} INFO - Filling up the DagBag from /opt/airflow/dags/utils/P2M3_Rivaldi_Valensia.py
[2023-10-01T10:55:27.936+0000] {processor.py:652} WARNING - No viable dags retrieved from /opt/airflow/dags/utils/P2M3_Rivaldi_Valensia.py
[2023-10-01T10:55:27.986+0000] {processor.py:161} INFO - Processing /opt/airflow/dags/utils/P2M3_Rivaldi_Valensia.py took 1.021 seconds
[2023-10-01T10:55:58.147+0000] {processor.py:153} INFO - Started process (PID=381) to work on /opt/airflow/dags/utils/P2M3_Rivaldi_Valensia.py
[2023-10-01T10:55:58.150+0000] {processor.py:640} INFO - Processing file /opt/airflow/dags/utils/P2M3_Rivaldi_Valensia.py for tasks to queue
[2023-10-01T10:55:58.153+0000] {logging_mixin.py:115} INFO - [2023-10-01T10:55:58.153+0000] {dagbag.py:508} INFO - Filling up the DagBag from /opt/airflow/dags/utils/P2M3_Rivaldi_Valensia.py
[2023-10-01T10:55:58.641+0000] {processor.py:652} WARNING - No viable dags retrieved from /opt/airflow/dags/utils/P2M3_Rivaldi_Valensia.py
[2023-10-01T10:55:58.658+0000] {processor.py:161} INFO - Processing /opt/airflow/dags/utils/P2M3_Rivaldi_Valensia.py took 0.515 seconds
[2023-10-01T10:56:28.781+0000] {processor.py:153} INFO - Started process (PID=393) to work on /opt/airflow/dags/utils/P2M3_Rivaldi_Valensia.py
[2023-10-01T10:56:28.783+0000] {processor.py:640} INFO - Processing file /opt/airflow/dags/utils/P2M3_Rivaldi_Valensia.py for tasks to queue
[2023-10-01T10:56:28.784+0000] {logging_mixin.py:115} INFO - [2023-10-01T10:56:28.784+0000] {dagbag.py:508} INFO - Filling up the DagBag from /opt/airflow/dags/utils/P2M3_Rivaldi_Valensia.py
[2023-10-01T10:56:29.260+0000] {processor.py:652} WARNING - No viable dags retrieved from /opt/airflow/dags/utils/P2M3_Rivaldi_Valensia.py
[2023-10-01T10:56:29.278+0000] {processor.py:161} INFO - Processing /opt/airflow/dags/utils/P2M3_Rivaldi_Valensia.py took 0.501 seconds
[2023-10-01T10:56:59.385+0000] {processor.py:153} INFO - Started process (PID=405) to work on /opt/airflow/dags/utils/P2M3_Rivaldi_Valensia.py
[2023-10-01T10:56:59.387+0000] {processor.py:640} INFO - Processing file /opt/airflow/dags/utils/P2M3_Rivaldi_Valensia.py for tasks to queue
[2023-10-01T10:56:59.388+0000] {logging_mixin.py:115} INFO - [2023-10-01T10:56:59.388+0000] {dagbag.py:508} INFO - Filling up the DagBag from /opt/airflow/dags/utils/P2M3_Rivaldi_Valensia.py
[2023-10-01T10:56:59.880+0000] {processor.py:652} WARNING - No viable dags retrieved from /opt/airflow/dags/utils/P2M3_Rivaldi_Valensia.py
[2023-10-01T10:56:59.897+0000] {processor.py:161} INFO - Processing /opt/airflow/dags/utils/P2M3_Rivaldi_Valensia.py took 0.516 seconds
[2023-10-01T10:57:30.061+0000] {processor.py:153} INFO - Started process (PID=417) to work on /opt/airflow/dags/utils/P2M3_Rivaldi_Valensia.py
[2023-10-01T10:57:30.065+0000] {processor.py:640} INFO - Processing file /opt/airflow/dags/utils/P2M3_Rivaldi_Valensia.py for tasks to queue
[2023-10-01T10:57:30.067+0000] {logging_mixin.py:115} INFO - [2023-10-01T10:57:30.066+0000] {dagbag.py:508} INFO - Filling up the DagBag from /opt/airflow/dags/utils/P2M3_Rivaldi_Valensia.py
[2023-10-01T10:57:30.605+0000] {processor.py:652} WARNING - No viable dags retrieved from /opt/airflow/dags/utils/P2M3_Rivaldi_Valensia.py
[2023-10-01T10:57:30.621+0000] {processor.py:161} INFO - Processing /opt/airflow/dags/utils/P2M3_Rivaldi_Valensia.py took 0.565 seconds
[2023-10-01T10:58:01.215+0000] {processor.py:153} INFO - Started process (PID=432) to work on /opt/airflow/dags/utils/P2M3_Rivaldi_Valensia.py
[2023-10-01T10:58:01.222+0000] {processor.py:640} INFO - Processing file /opt/airflow/dags/utils/P2M3_Rivaldi_Valensia.py for tasks to queue
[2023-10-01T10:58:01.224+0000] {logging_mixin.py:115} INFO - [2023-10-01T10:58:01.224+0000] {dagbag.py:508} INFO - Filling up the DagBag from /opt/airflow/dags/utils/P2M3_Rivaldi_Valensia.py
[2023-10-01T10:58:02.154+0000] {processor.py:652} WARNING - No viable dags retrieved from /opt/airflow/dags/utils/P2M3_Rivaldi_Valensia.py
[2023-10-01T10:58:02.171+0000] {processor.py:161} INFO - Processing /opt/airflow/dags/utils/P2M3_Rivaldi_Valensia.py took 0.966 seconds
[2023-10-01T10:58:32.281+0000] {processor.py:153} INFO - Started process (PID=444) to work on /opt/airflow/dags/utils/P2M3_Rivaldi_Valensia.py
[2023-10-01T10:58:32.284+0000] {processor.py:640} INFO - Processing file /opt/airflow/dags/utils/P2M3_Rivaldi_Valensia.py for tasks to queue
[2023-10-01T10:58:32.285+0000] {logging_mixin.py:115} INFO - [2023-10-01T10:58:32.285+0000] {dagbag.py:508} INFO - Filling up the DagBag from /opt/airflow/dags/utils/P2M3_Rivaldi_Valensia.py
[2023-10-01T10:58:32.808+0000] {processor.py:652} WARNING - No viable dags retrieved from /opt/airflow/dags/utils/P2M3_Rivaldi_Valensia.py
[2023-10-01T10:58:32.826+0000] {processor.py:161} INFO - Processing /opt/airflow/dags/utils/P2M3_Rivaldi_Valensia.py took 0.549 seconds
[2023-10-01T10:59:02.938+0000] {processor.py:153} INFO - Started process (PID=456) to work on /opt/airflow/dags/utils/P2M3_Rivaldi_Valensia.py
[2023-10-01T10:59:02.940+0000] {processor.py:640} INFO - Processing file /opt/airflow/dags/utils/P2M3_Rivaldi_Valensia.py for tasks to queue
[2023-10-01T10:59:02.942+0000] {logging_mixin.py:115} INFO - [2023-10-01T10:59:02.941+0000] {dagbag.py:508} INFO - Filling up the DagBag from /opt/airflow/dags/utils/P2M3_Rivaldi_Valensia.py
[2023-10-01T10:59:03.421+0000] {processor.py:652} WARNING - No viable dags retrieved from /opt/airflow/dags/utils/P2M3_Rivaldi_Valensia.py
[2023-10-01T10:59:03.437+0000] {processor.py:161} INFO - Processing /opt/airflow/dags/utils/P2M3_Rivaldi_Valensia.py took 0.503 seconds
[2023-10-01T10:59:34.011+0000] {processor.py:153} INFO - Started process (PID=468) to work on /opt/airflow/dags/utils/P2M3_Rivaldi_Valensia.py
[2023-10-01T10:59:34.014+0000] {processor.py:640} INFO - Processing file /opt/airflow/dags/utils/P2M3_Rivaldi_Valensia.py for tasks to queue
[2023-10-01T10:59:34.015+0000] {logging_mixin.py:115} INFO - [2023-10-01T10:59:34.015+0000] {dagbag.py:508} INFO - Filling up the DagBag from /opt/airflow/dags/utils/P2M3_Rivaldi_Valensia.py
[2023-10-01T10:59:34.543+0000] {processor.py:652} WARNING - No viable dags retrieved from /opt/airflow/dags/utils/P2M3_Rivaldi_Valensia.py
[2023-10-01T10:59:34.560+0000] {processor.py:161} INFO - Processing /opt/airflow/dags/utils/P2M3_Rivaldi_Valensia.py took 0.555 seconds
[2023-10-01T11:00:04.787+0000] {processor.py:153} INFO - Started process (PID=480) to work on /opt/airflow/dags/utils/P2M3_Rivaldi_Valensia.py
[2023-10-01T11:00:04.791+0000] {processor.py:640} INFO - Processing file /opt/airflow/dags/utils/P2M3_Rivaldi_Valensia.py for tasks to queue
[2023-10-01T11:00:04.793+0000] {logging_mixin.py:115} INFO - [2023-10-01T11:00:04.792+0000] {dagbag.py:508} INFO - Filling up the DagBag from /opt/airflow/dags/utils/P2M3_Rivaldi_Valensia.py
[2023-10-01T11:00:05.312+0000] {processor.py:652} WARNING - No viable dags retrieved from /opt/airflow/dags/utils/P2M3_Rivaldi_Valensia.py
[2023-10-01T11:00:05.328+0000] {processor.py:161} INFO - Processing /opt/airflow/dags/utils/P2M3_Rivaldi_Valensia.py took 0.545 seconds
[2023-10-01T11:00:35.443+0000] {processor.py:153} INFO - Started process (PID=492) to work on /opt/airflow/dags/utils/P2M3_Rivaldi_Valensia.py
[2023-10-01T11:00:35.446+0000] {processor.py:640} INFO - Processing file /opt/airflow/dags/utils/P2M3_Rivaldi_Valensia.py for tasks to queue
[2023-10-01T11:00:35.449+0000] {logging_mixin.py:115} INFO - [2023-10-01T11:00:35.449+0000] {dagbag.py:508} INFO - Filling up the DagBag from /opt/airflow/dags/utils/P2M3_Rivaldi_Valensia.py
[2023-10-01T11:00:35.906+0000] {processor.py:652} WARNING - No viable dags retrieved from /opt/airflow/dags/utils/P2M3_Rivaldi_Valensia.py
[2023-10-01T11:00:35.922+0000] {processor.py:161} INFO - Processing /opt/airflow/dags/utils/P2M3_Rivaldi_Valensia.py took 0.484 seconds
[2023-10-01T11:01:06.027+0000] {processor.py:153} INFO - Started process (PID=504) to work on /opt/airflow/dags/utils/P2M3_Rivaldi_Valensia.py
[2023-10-01T11:01:06.029+0000] {processor.py:640} INFO - Processing file /opt/airflow/dags/utils/P2M3_Rivaldi_Valensia.py for tasks to queue
[2023-10-01T11:01:06.030+0000] {logging_mixin.py:115} INFO - [2023-10-01T11:01:06.030+0000] {dagbag.py:508} INFO - Filling up the DagBag from /opt/airflow/dags/utils/P2M3_Rivaldi_Valensia.py
[2023-10-01T11:01:06.571+0000] {processor.py:652} WARNING - No viable dags retrieved from /opt/airflow/dags/utils/P2M3_Rivaldi_Valensia.py
[2023-10-01T11:01:06.590+0000] {processor.py:161} INFO - Processing /opt/airflow/dags/utils/P2M3_Rivaldi_Valensia.py took 0.568 seconds
[2023-10-01T11:01:36.851+0000] {processor.py:153} INFO - Started process (PID=528) to work on /opt/airflow/dags/utils/P2M3_Rivaldi_Valensia.py
[2023-10-01T11:01:36.854+0000] {processor.py:640} INFO - Processing file /opt/airflow/dags/utils/P2M3_Rivaldi_Valensia.py for tasks to queue
[2023-10-01T11:01:36.858+0000] {logging_mixin.py:115} INFO - [2023-10-01T11:01:36.858+0000] {dagbag.py:508} INFO - Filling up the DagBag from /opt/airflow/dags/utils/P2M3_Rivaldi_Valensia.py
[2023-10-01T11:01:37.423+0000] {processor.py:652} WARNING - No viable dags retrieved from /opt/airflow/dags/utils/P2M3_Rivaldi_Valensia.py
[2023-10-01T11:01:37.444+0000] {processor.py:161} INFO - Processing /opt/airflow/dags/utils/P2M3_Rivaldi_Valensia.py took 0.597 seconds
[2023-10-01T11:02:07.955+0000] {processor.py:153} INFO - Started process (PID=552) to work on /opt/airflow/dags/utils/P2M3_Rivaldi_Valensia.py
[2023-10-01T11:02:07.958+0000] {processor.py:640} INFO - Processing file /opt/airflow/dags/utils/P2M3_Rivaldi_Valensia.py for tasks to queue
[2023-10-01T11:02:07.959+0000] {logging_mixin.py:115} INFO - [2023-10-01T11:02:07.959+0000] {dagbag.py:508} INFO - Filling up the DagBag from /opt/airflow/dags/utils/P2M3_Rivaldi_Valensia.py
[2023-10-01T11:02:08.523+0000] {processor.py:652} WARNING - No viable dags retrieved from /opt/airflow/dags/utils/P2M3_Rivaldi_Valensia.py
[2023-10-01T11:02:08.560+0000] {processor.py:161} INFO - Processing /opt/airflow/dags/utils/P2M3_Rivaldi_Valensia.py took 0.610 seconds
[2023-10-01T11:02:38.633+0000] {processor.py:153} INFO - Started process (PID=570) to work on /opt/airflow/dags/utils/P2M3_Rivaldi_Valensia.py
[2023-10-01T11:02:38.635+0000] {processor.py:640} INFO - Processing file /opt/airflow/dags/utils/P2M3_Rivaldi_Valensia.py for tasks to queue
[2023-10-01T11:02:38.636+0000] {logging_mixin.py:115} INFO - [2023-10-01T11:02:38.636+0000] {dagbag.py:508} INFO - Filling up the DagBag from /opt/airflow/dags/utils/P2M3_Rivaldi_Valensia.py
[2023-10-01T11:02:39.140+0000] {processor.py:652} WARNING - No viable dags retrieved from /opt/airflow/dags/utils/P2M3_Rivaldi_Valensia.py
[2023-10-01T11:02:39.167+0000] {processor.py:161} INFO - Processing /opt/airflow/dags/utils/P2M3_Rivaldi_Valensia.py took 0.538 seconds
[2023-10-01T11:03:09.293+0000] {processor.py:153} INFO - Started process (PID=582) to work on /opt/airflow/dags/utils/P2M3_Rivaldi_Valensia.py
[2023-10-01T11:03:09.296+0000] {processor.py:640} INFO - Processing file /opt/airflow/dags/utils/P2M3_Rivaldi_Valensia.py for tasks to queue
[2023-10-01T11:03:09.297+0000] {logging_mixin.py:115} INFO - [2023-10-01T11:03:09.297+0000] {dagbag.py:508} INFO - Filling up the DagBag from /opt/airflow/dags/utils/P2M3_Rivaldi_Valensia.py
[2023-10-01T11:03:09.746+0000] {processor.py:652} WARNING - No viable dags retrieved from /opt/airflow/dags/utils/P2M3_Rivaldi_Valensia.py
[2023-10-01T11:03:09.762+0000] {processor.py:161} INFO - Processing /opt/airflow/dags/utils/P2M3_Rivaldi_Valensia.py took 0.474 seconds
[2023-10-01T11:03:40.161+0000] {processor.py:153} INFO - Started process (PID=600) to work on /opt/airflow/dags/utils/P2M3_Rivaldi_Valensia.py
[2023-10-01T11:03:40.164+0000] {processor.py:640} INFO - Processing file /opt/airflow/dags/utils/P2M3_Rivaldi_Valensia.py for tasks to queue
[2023-10-01T11:03:40.167+0000] {logging_mixin.py:115} INFO - [2023-10-01T11:03:40.167+0000] {dagbag.py:508} INFO - Filling up the DagBag from /opt/airflow/dags/utils/P2M3_Rivaldi_Valensia.py
[2023-10-01T11:03:40.664+0000] {processor.py:652} WARNING - No viable dags retrieved from /opt/airflow/dags/utils/P2M3_Rivaldi_Valensia.py
[2023-10-01T11:03:40.683+0000] {processor.py:161} INFO - Processing /opt/airflow/dags/utils/P2M3_Rivaldi_Valensia.py took 0.525 seconds
[2023-10-01T11:04:10.801+0000] {processor.py:153} INFO - Started process (PID=612) to work on /opt/airflow/dags/utils/P2M3_Rivaldi_Valensia.py
[2023-10-01T11:04:10.804+0000] {processor.py:640} INFO - Processing file /opt/airflow/dags/utils/P2M3_Rivaldi_Valensia.py for tasks to queue
[2023-10-01T11:04:10.806+0000] {logging_mixin.py:115} INFO - [2023-10-01T11:04:10.806+0000] {dagbag.py:508} INFO - Filling up the DagBag from /opt/airflow/dags/utils/P2M3_Rivaldi_Valensia.py
[2023-10-01T11:04:11.259+0000] {processor.py:652} WARNING - No viable dags retrieved from /opt/airflow/dags/utils/P2M3_Rivaldi_Valensia.py
[2023-10-01T11:04:11.278+0000] {processor.py:161} INFO - Processing /opt/airflow/dags/utils/P2M3_Rivaldi_Valensia.py took 0.481 seconds
[2023-10-01T11:04:41.376+0000] {processor.py:153} INFO - Started process (PID=624) to work on /opt/airflow/dags/utils/P2M3_Rivaldi_Valensia.py
[2023-10-01T11:04:41.378+0000] {processor.py:640} INFO - Processing file /opt/airflow/dags/utils/P2M3_Rivaldi_Valensia.py for tasks to queue
[2023-10-01T11:04:41.380+0000] {logging_mixin.py:115} INFO - [2023-10-01T11:04:41.380+0000] {dagbag.py:508} INFO - Filling up the DagBag from /opt/airflow/dags/utils/P2M3_Rivaldi_Valensia.py
[2023-10-01T11:04:41.867+0000] {processor.py:652} WARNING - No viable dags retrieved from /opt/airflow/dags/utils/P2M3_Rivaldi_Valensia.py
[2023-10-01T11:04:41.883+0000] {processor.py:161} INFO - Processing /opt/airflow/dags/utils/P2M3_Rivaldi_Valensia.py took 0.511 seconds
[2023-10-01T11:05:11.982+0000] {processor.py:153} INFO - Started process (PID=636) to work on /opt/airflow/dags/utils/P2M3_Rivaldi_Valensia.py
[2023-10-01T11:05:11.986+0000] {processor.py:640} INFO - Processing file /opt/airflow/dags/utils/P2M3_Rivaldi_Valensia.py for tasks to queue
[2023-10-01T11:05:11.987+0000] {logging_mixin.py:115} INFO - [2023-10-01T11:05:11.987+0000] {dagbag.py:508} INFO - Filling up the DagBag from /opt/airflow/dags/utils/P2M3_Rivaldi_Valensia.py
[2023-10-01T11:05:12.451+0000] {processor.py:652} WARNING - No viable dags retrieved from /opt/airflow/dags/utils/P2M3_Rivaldi_Valensia.py
[2023-10-01T11:05:12.469+0000] {processor.py:161} INFO - Processing /opt/airflow/dags/utils/P2M3_Rivaldi_Valensia.py took 0.492 seconds
[2023-10-01T11:05:42.584+0000] {processor.py:153} INFO - Started process (PID=648) to work on /opt/airflow/dags/utils/P2M3_Rivaldi_Valensia.py
[2023-10-01T11:05:42.586+0000] {processor.py:640} INFO - Processing file /opt/airflow/dags/utils/P2M3_Rivaldi_Valensia.py for tasks to queue
[2023-10-01T11:05:42.587+0000] {logging_mixin.py:115} INFO - [2023-10-01T11:05:42.587+0000] {dagbag.py:508} INFO - Filling up the DagBag from /opt/airflow/dags/utils/P2M3_Rivaldi_Valensia.py
[2023-10-01T11:05:43.051+0000] {processor.py:652} WARNING - No viable dags retrieved from /opt/airflow/dags/utils/P2M3_Rivaldi_Valensia.py
[2023-10-01T11:05:43.068+0000] {processor.py:161} INFO - Processing /opt/airflow/dags/utils/P2M3_Rivaldi_Valensia.py took 0.489 seconds
[2023-10-01T11:06:13.177+0000] {processor.py:153} INFO - Started process (PID=660) to work on /opt/airflow/dags/utils/P2M3_Rivaldi_Valensia.py
[2023-10-01T11:06:13.179+0000] {processor.py:640} INFO - Processing file /opt/airflow/dags/utils/P2M3_Rivaldi_Valensia.py for tasks to queue
[2023-10-01T11:06:13.181+0000] {logging_mixin.py:115} INFO - [2023-10-01T11:06:13.181+0000] {dagbag.py:508} INFO - Filling up the DagBag from /opt/airflow/dags/utils/P2M3_Rivaldi_Valensia.py
[2023-10-01T11:06:13.883+0000] {processor.py:652} WARNING - No viable dags retrieved from /opt/airflow/dags/utils/P2M3_Rivaldi_Valensia.py
[2023-10-01T11:06:13.902+0000] {processor.py:161} INFO - Processing /opt/airflow/dags/utils/P2M3_Rivaldi_Valensia.py took 0.730 seconds
[2023-10-01T11:06:44.016+0000] {processor.py:153} INFO - Started process (PID=675) to work on /opt/airflow/dags/utils/P2M3_Rivaldi_Valensia.py
[2023-10-01T11:06:44.017+0000] {processor.py:640} INFO - Processing file /opt/airflow/dags/utils/P2M3_Rivaldi_Valensia.py for tasks to queue
[2023-10-01T11:06:44.019+0000] {logging_mixin.py:115} INFO - [2023-10-01T11:06:44.019+0000] {dagbag.py:508} INFO - Filling up the DagBag from /opt/airflow/dags/utils/P2M3_Rivaldi_Valensia.py
[2023-10-01T11:06:44.495+0000] {processor.py:652} WARNING - No viable dags retrieved from /opt/airflow/dags/utils/P2M3_Rivaldi_Valensia.py
[2023-10-01T11:06:44.512+0000] {processor.py:161} INFO - Processing /opt/airflow/dags/utils/P2M3_Rivaldi_Valensia.py took 0.500 seconds
[2023-10-01T11:07:14.619+0000] {processor.py:153} INFO - Started process (PID=687) to work on /opt/airflow/dags/utils/P2M3_Rivaldi_Valensia.py
[2023-10-01T11:07:14.620+0000] {processor.py:640} INFO - Processing file /opt/airflow/dags/utils/P2M3_Rivaldi_Valensia.py for tasks to queue
[2023-10-01T11:07:14.622+0000] {logging_mixin.py:115} INFO - [2023-10-01T11:07:14.622+0000] {dagbag.py:508} INFO - Filling up the DagBag from /opt/airflow/dags/utils/P2M3_Rivaldi_Valensia.py
[2023-10-01T11:07:15.087+0000] {processor.py:652} WARNING - No viable dags retrieved from /opt/airflow/dags/utils/P2M3_Rivaldi_Valensia.py
[2023-10-01T11:07:15.110+0000] {processor.py:161} INFO - Processing /opt/airflow/dags/utils/P2M3_Rivaldi_Valensia.py took 0.496 seconds
[2023-10-01T11:07:45.514+0000] {processor.py:153} INFO - Started process (PID=705) to work on /opt/airflow/dags/utils/P2M3_Rivaldi_Valensia.py
[2023-10-01T11:07:45.517+0000] {processor.py:640} INFO - Processing file /opt/airflow/dags/utils/P2M3_Rivaldi_Valensia.py for tasks to queue
[2023-10-01T11:07:45.519+0000] {logging_mixin.py:115} INFO - [2023-10-01T11:07:45.519+0000] {dagbag.py:508} INFO - Filling up the DagBag from /opt/airflow/dags/utils/P2M3_Rivaldi_Valensia.py
[2023-10-01T11:07:46.003+0000] {processor.py:652} WARNING - No viable dags retrieved from /opt/airflow/dags/utils/P2M3_Rivaldi_Valensia.py
[2023-10-01T11:07:46.020+0000] {processor.py:161} INFO - Processing /opt/airflow/dags/utils/P2M3_Rivaldi_Valensia.py took 0.512 seconds
[2023-10-01T11:08:16.129+0000] {processor.py:153} INFO - Started process (PID=720) to work on /opt/airflow/dags/utils/P2M3_Rivaldi_Valensia.py
[2023-10-01T11:08:16.134+0000] {processor.py:640} INFO - Processing file /opt/airflow/dags/utils/P2M3_Rivaldi_Valensia.py for tasks to queue
[2023-10-01T11:08:16.135+0000] {logging_mixin.py:115} INFO - [2023-10-01T11:08:16.135+0000] {dagbag.py:508} INFO - Filling up the DagBag from /opt/airflow/dags/utils/P2M3_Rivaldi_Valensia.py
[2023-10-01T11:08:16.749+0000] {processor.py:652} WARNING - No viable dags retrieved from /opt/airflow/dags/utils/P2M3_Rivaldi_Valensia.py
[2023-10-01T11:08:16.771+0000] {processor.py:161} INFO - Processing /opt/airflow/dags/utils/P2M3_Rivaldi_Valensia.py took 0.649 seconds
[2023-10-01T11:08:46.930+0000] {processor.py:153} INFO - Started process (PID=732) to work on /opt/airflow/dags/utils/P2M3_Rivaldi_Valensia.py
[2023-10-01T11:08:46.933+0000] {processor.py:640} INFO - Processing file /opt/airflow/dags/utils/P2M3_Rivaldi_Valensia.py for tasks to queue
[2023-10-01T11:08:46.936+0000] {logging_mixin.py:115} INFO - [2023-10-01T11:08:46.936+0000] {dagbag.py:508} INFO - Filling up the DagBag from /opt/airflow/dags/utils/P2M3_Rivaldi_Valensia.py
[2023-10-01T11:08:47.530+0000] {processor.py:652} WARNING - No viable dags retrieved from /opt/airflow/dags/utils/P2M3_Rivaldi_Valensia.py
[2023-10-01T11:08:47.551+0000] {processor.py:161} INFO - Processing /opt/airflow/dags/utils/P2M3_Rivaldi_Valensia.py took 0.627 seconds
[2023-10-01T11:09:17.669+0000] {processor.py:153} INFO - Started process (PID=744) to work on /opt/airflow/dags/utils/P2M3_Rivaldi_Valensia.py
[2023-10-01T11:09:17.670+0000] {processor.py:640} INFO - Processing file /opt/airflow/dags/utils/P2M3_Rivaldi_Valensia.py for tasks to queue
[2023-10-01T11:09:17.671+0000] {logging_mixin.py:115} INFO - [2023-10-01T11:09:17.671+0000] {dagbag.py:508} INFO - Filling up the DagBag from /opt/airflow/dags/utils/P2M3_Rivaldi_Valensia.py
[2023-10-01T11:09:18.122+0000] {processor.py:652} WARNING - No viable dags retrieved from /opt/airflow/dags/utils/P2M3_Rivaldi_Valensia.py
[2023-10-01T11:09:18.138+0000] {processor.py:161} INFO - Processing /opt/airflow/dags/utils/P2M3_Rivaldi_Valensia.py took 0.474 seconds
[2023-10-01T11:09:48.247+0000] {processor.py:153} INFO - Started process (PID=756) to work on /opt/airflow/dags/utils/P2M3_Rivaldi_Valensia.py
[2023-10-01T11:09:48.249+0000] {processor.py:640} INFO - Processing file /opt/airflow/dags/utils/P2M3_Rivaldi_Valensia.py for tasks to queue
[2023-10-01T11:09:48.251+0000] {logging_mixin.py:115} INFO - [2023-10-01T11:09:48.251+0000] {dagbag.py:508} INFO - Filling up the DagBag from /opt/airflow/dags/utils/P2M3_Rivaldi_Valensia.py
[2023-10-01T11:09:48.699+0000] {processor.py:652} WARNING - No viable dags retrieved from /opt/airflow/dags/utils/P2M3_Rivaldi_Valensia.py
[2023-10-01T11:09:48.715+0000] {processor.py:161} INFO - Processing /opt/airflow/dags/utils/P2M3_Rivaldi_Valensia.py took 0.473 seconds
[2023-10-01T11:10:18.825+0000] {processor.py:153} INFO - Started process (PID=768) to work on /opt/airflow/dags/utils/P2M3_Rivaldi_Valensia.py
[2023-10-01T11:10:18.828+0000] {processor.py:640} INFO - Processing file /opt/airflow/dags/utils/P2M3_Rivaldi_Valensia.py for tasks to queue
[2023-10-01T11:10:18.829+0000] {logging_mixin.py:115} INFO - [2023-10-01T11:10:18.829+0000] {dagbag.py:508} INFO - Filling up the DagBag from /opt/airflow/dags/utils/P2M3_Rivaldi_Valensia.py
[2023-10-01T11:10:19.296+0000] {processor.py:652} WARNING - No viable dags retrieved from /opt/airflow/dags/utils/P2M3_Rivaldi_Valensia.py
[2023-10-01T11:10:19.313+0000] {processor.py:161} INFO - Processing /opt/airflow/dags/utils/P2M3_Rivaldi_Valensia.py took 0.492 seconds
[2023-10-01T11:10:49.420+0000] {processor.py:153} INFO - Started process (PID=780) to work on /opt/airflow/dags/utils/P2M3_Rivaldi_Valensia.py
[2023-10-01T11:10:49.422+0000] {processor.py:640} INFO - Processing file /opt/airflow/dags/utils/P2M3_Rivaldi_Valensia.py for tasks to queue
[2023-10-01T11:10:49.424+0000] {logging_mixin.py:115} INFO - [2023-10-01T11:10:49.424+0000] {dagbag.py:508} INFO - Filling up the DagBag from /opt/airflow/dags/utils/P2M3_Rivaldi_Valensia.py
[2023-10-01T11:10:50.162+0000] {processor.py:652} WARNING - No viable dags retrieved from /opt/airflow/dags/utils/P2M3_Rivaldi_Valensia.py
[2023-10-01T11:10:50.179+0000] {processor.py:161} INFO - Processing /opt/airflow/dags/utils/P2M3_Rivaldi_Valensia.py took 0.764 seconds
[2023-10-01T11:11:20.296+0000] {processor.py:153} INFO - Started process (PID=792) to work on /opt/airflow/dags/utils/P2M3_Rivaldi_Valensia.py
[2023-10-01T11:11:20.298+0000] {processor.py:640} INFO - Processing file /opt/airflow/dags/utils/P2M3_Rivaldi_Valensia.py for tasks to queue
[2023-10-01T11:11:20.300+0000] {logging_mixin.py:115} INFO - [2023-10-01T11:11:20.299+0000] {dagbag.py:508} INFO - Filling up the DagBag from /opt/airflow/dags/utils/P2M3_Rivaldi_Valensia.py
[2023-10-01T11:11:20.766+0000] {processor.py:652} WARNING - No viable dags retrieved from /opt/airflow/dags/utils/P2M3_Rivaldi_Valensia.py
[2023-10-01T11:11:20.782+0000] {processor.py:161} INFO - Processing /opt/airflow/dags/utils/P2M3_Rivaldi_Valensia.py took 0.490 seconds
[2023-10-01T11:11:50.896+0000] {processor.py:153} INFO - Started process (PID=804) to work on /opt/airflow/dags/utils/P2M3_Rivaldi_Valensia.py
[2023-10-01T11:11:50.898+0000] {processor.py:640} INFO - Processing file /opt/airflow/dags/utils/P2M3_Rivaldi_Valensia.py for tasks to queue
[2023-10-01T11:11:50.899+0000] {logging_mixin.py:115} INFO - [2023-10-01T11:11:50.899+0000] {dagbag.py:508} INFO - Filling up the DagBag from /opt/airflow/dags/utils/P2M3_Rivaldi_Valensia.py
[2023-10-01T11:11:51.555+0000] {processor.py:652} WARNING - No viable dags retrieved from /opt/airflow/dags/utils/P2M3_Rivaldi_Valensia.py
[2023-10-01T11:11:51.574+0000] {processor.py:161} INFO - Processing /opt/airflow/dags/utils/P2M3_Rivaldi_Valensia.py took 0.683 seconds
[2023-10-01T11:12:21.694+0000] {processor.py:153} INFO - Started process (PID=816) to work on /opt/airflow/dags/utils/P2M3_Rivaldi_Valensia.py
[2023-10-01T11:12:21.697+0000] {processor.py:640} INFO - Processing file /opt/airflow/dags/utils/P2M3_Rivaldi_Valensia.py for tasks to queue
[2023-10-01T11:12:21.699+0000] {logging_mixin.py:115} INFO - [2023-10-01T11:12:21.699+0000] {dagbag.py:508} INFO - Filling up the DagBag from /opt/airflow/dags/utils/P2M3_Rivaldi_Valensia.py
[2023-10-01T11:12:22.201+0000] {processor.py:652} WARNING - No viable dags retrieved from /opt/airflow/dags/utils/P2M3_Rivaldi_Valensia.py
[2023-10-01T11:12:22.221+0000] {processor.py:161} INFO - Processing /opt/airflow/dags/utils/P2M3_Rivaldi_Valensia.py took 0.531 seconds
[2023-10-01T11:12:52.423+0000] {processor.py:153} INFO - Started process (PID=834) to work on /opt/airflow/dags/utils/P2M3_Rivaldi_Valensia.py
[2023-10-01T11:12:52.428+0000] {processor.py:640} INFO - Processing file /opt/airflow/dags/utils/P2M3_Rivaldi_Valensia.py for tasks to queue
[2023-10-01T11:12:52.430+0000] {logging_mixin.py:115} INFO - [2023-10-01T11:12:52.429+0000] {dagbag.py:508} INFO - Filling up the DagBag from /opt/airflow/dags/utils/P2M3_Rivaldi_Valensia.py
[2023-10-01T11:12:52.926+0000] {processor.py:652} WARNING - No viable dags retrieved from /opt/airflow/dags/utils/P2M3_Rivaldi_Valensia.py
[2023-10-01T11:12:52.944+0000] {processor.py:161} INFO - Processing /opt/airflow/dags/utils/P2M3_Rivaldi_Valensia.py took 0.526 seconds
[2023-10-01T11:13:23.044+0000] {processor.py:153} INFO - Started process (PID=846) to work on /opt/airflow/dags/utils/P2M3_Rivaldi_Valensia.py
[2023-10-01T11:13:23.047+0000] {processor.py:640} INFO - Processing file /opt/airflow/dags/utils/P2M3_Rivaldi_Valensia.py for tasks to queue
[2023-10-01T11:13:23.048+0000] {logging_mixin.py:115} INFO - [2023-10-01T11:13:23.048+0000] {dagbag.py:508} INFO - Filling up the DagBag from /opt/airflow/dags/utils/P2M3_Rivaldi_Valensia.py
[2023-10-01T11:13:23.654+0000] {processor.py:652} WARNING - No viable dags retrieved from /opt/airflow/dags/utils/P2M3_Rivaldi_Valensia.py
[2023-10-01T11:13:23.670+0000] {processor.py:161} INFO - Processing /opt/airflow/dags/utils/P2M3_Rivaldi_Valensia.py took 0.630 seconds
