[2023-10-02T07:18:33.897+0000] {processor.py:153} INFO - Started process (PID=765) to work on /opt/airflow/dags/P2M3_rais_yufli.py
[2023-10-02T07:18:33.899+0000] {processor.py:640} INFO - Processing file /opt/airflow/dags/P2M3_rais_yufli.py for tasks to queue
[2023-10-02T07:18:33.901+0000] {logging_mixin.py:115} INFO - [2023-10-02T07:18:33.900+0000] {dagbag.py:508} INFO - Filling up the DagBag from /opt/airflow/dags/P2M3_rais_yufli.py
[2023-10-02T07:18:34.476+0000] {processor.py:650} INFO - DAG(s) dict_keys(['H8_Automation_Clean']) retrieved from /opt/airflow/dags/P2M3_rais_yufli.py
[2023-10-02T07:18:34.609+0000] {logging_mixin.py:115} INFO - [2023-10-02T07:18:34.609+0000] {manager.py:508} INFO - Created Permission View: can edit on DAG:H8_Automation_Clean
[2023-10-02T07:18:34.621+0000] {logging_mixin.py:115} INFO - [2023-10-02T07:18:34.621+0000] {manager.py:508} INFO - Created Permission View: can delete on DAG:H8_Automation_Clean
[2023-10-02T07:18:34.631+0000] {logging_mixin.py:115} INFO - [2023-10-02T07:18:34.631+0000] {manager.py:508} INFO - Created Permission View: can read on DAG:H8_Automation_Clean
[2023-10-02T07:18:34.632+0000] {logging_mixin.py:115} INFO - [2023-10-02T07:18:34.632+0000] {dag.py:2429} INFO - Sync 1 DAGs
[2023-10-02T07:18:34.643+0000] {logging_mixin.py:115} INFO - [2023-10-02T07:18:34.643+0000] {dag.py:2448} INFO - Creating ORM DAG for H8_Automation_Clean
[2023-10-02T07:18:34.662+0000] {logging_mixin.py:115} INFO - [2023-10-02T07:18:34.662+0000] {dag.py:2981} INFO - Setting next_dagrun for H8_Automation_Clean to 2024-01-01T00:00:00+00:00, run_after=2025-01-01T00:00:00+00:00
[2023-10-02T07:18:34.678+0000] {processor.py:161} INFO - Processing /opt/airflow/dags/P2M3_rais_yufli.py took 0.784 seconds
[2023-10-02T07:19:04.795+0000] {processor.py:153} INFO - Started process (PID=771) to work on /opt/airflow/dags/P2M3_rais_yufli.py
[2023-10-02T07:19:04.798+0000] {processor.py:640} INFO - Processing file /opt/airflow/dags/P2M3_rais_yufli.py for tasks to queue
[2023-10-02T07:19:04.800+0000] {logging_mixin.py:115} INFO - [2023-10-02T07:19:04.799+0000] {dagbag.py:508} INFO - Filling up the DagBag from /opt/airflow/dags/P2M3_rais_yufli.py
[2023-10-02T07:19:05.289+0000] {processor.py:650} INFO - DAG(s) dict_keys(['H8_Automation_Clean']) retrieved from /opt/airflow/dags/P2M3_rais_yufli.py
[2023-10-02T07:19:05.316+0000] {logging_mixin.py:115} INFO - [2023-10-02T07:19:05.316+0000] {dag.py:2429} INFO - Sync 1 DAGs
[2023-10-02T07:19:05.342+0000] {logging_mixin.py:115} INFO - [2023-10-02T07:19:05.341+0000] {dag.py:2981} INFO - Setting next_dagrun for H8_Automation_Clean to 2024-01-01T00:00:00+00:00, run_after=2025-01-01T00:00:00+00:00
[2023-10-02T07:19:05.353+0000] {processor.py:161} INFO - Processing /opt/airflow/dags/P2M3_rais_yufli.py took 0.562 seconds
[2023-10-02T07:19:35.457+0000] {processor.py:153} INFO - Started process (PID=777) to work on /opt/airflow/dags/P2M3_rais_yufli.py
[2023-10-02T07:19:35.459+0000] {processor.py:640} INFO - Processing file /opt/airflow/dags/P2M3_rais_yufli.py for tasks to queue
[2023-10-02T07:19:35.460+0000] {logging_mixin.py:115} INFO - [2023-10-02T07:19:35.460+0000] {dagbag.py:508} INFO - Filling up the DagBag from /opt/airflow/dags/P2M3_rais_yufli.py
[2023-10-02T07:19:35.940+0000] {processor.py:650} INFO - DAG(s) dict_keys(['H8_Automation_Clean']) retrieved from /opt/airflow/dags/P2M3_rais_yufli.py
[2023-10-02T07:19:35.966+0000] {logging_mixin.py:115} INFO - [2023-10-02T07:19:35.966+0000] {dag.py:2429} INFO - Sync 1 DAGs
[2023-10-02T07:19:35.993+0000] {logging_mixin.py:115} INFO - [2023-10-02T07:19:35.993+0000] {dag.py:2981} INFO - Setting next_dagrun for H8_Automation_Clean to 2024-01-01T00:00:00+00:00, run_after=2025-01-01T00:00:00+00:00
[2023-10-02T07:19:36.007+0000] {processor.py:161} INFO - Processing /opt/airflow/dags/P2M3_rais_yufli.py took 0.554 seconds
[2023-10-02T07:20:06.084+0000] {processor.py:153} INFO - Started process (PID=783) to work on /opt/airflow/dags/P2M3_rais_yufli.py
[2023-10-02T07:20:06.087+0000] {processor.py:640} INFO - Processing file /opt/airflow/dags/P2M3_rais_yufli.py for tasks to queue
[2023-10-02T07:20:06.090+0000] {logging_mixin.py:115} INFO - [2023-10-02T07:20:06.090+0000] {dagbag.py:508} INFO - Filling up the DagBag from /opt/airflow/dags/P2M3_rais_yufli.py
[2023-10-02T07:20:06.556+0000] {processor.py:650} INFO - DAG(s) dict_keys(['H8_Automation_Clean']) retrieved from /opt/airflow/dags/P2M3_rais_yufli.py
[2023-10-02T07:20:06.581+0000] {logging_mixin.py:115} INFO - [2023-10-02T07:20:06.581+0000] {dag.py:2429} INFO - Sync 1 DAGs
[2023-10-02T07:20:06.612+0000] {logging_mixin.py:115} INFO - [2023-10-02T07:20:06.612+0000] {dag.py:2981} INFO - Setting next_dagrun for H8_Automation_Clean to 2024-01-01T00:00:00+00:00, run_after=2025-01-01T00:00:00+00:00
[2023-10-02T07:20:06.628+0000] {processor.py:161} INFO - Processing /opt/airflow/dags/P2M3_rais_yufli.py took 0.548 seconds
[2023-10-02T07:20:36.745+0000] {processor.py:153} INFO - Started process (PID=789) to work on /opt/airflow/dags/P2M3_rais_yufli.py
[2023-10-02T07:20:36.748+0000] {processor.py:640} INFO - Processing file /opt/airflow/dags/P2M3_rais_yufli.py for tasks to queue
[2023-10-02T07:20:36.749+0000] {logging_mixin.py:115} INFO - [2023-10-02T07:20:36.749+0000] {dagbag.py:508} INFO - Filling up the DagBag from /opt/airflow/dags/P2M3_rais_yufli.py
[2023-10-02T07:20:37.217+0000] {processor.py:650} INFO - DAG(s) dict_keys(['H8_Automation_Clean']) retrieved from /opt/airflow/dags/P2M3_rais_yufli.py
[2023-10-02T07:20:37.243+0000] {logging_mixin.py:115} INFO - [2023-10-02T07:20:37.242+0000] {dag.py:2429} INFO - Sync 1 DAGs
[2023-10-02T07:20:37.269+0000] {logging_mixin.py:115} INFO - [2023-10-02T07:20:37.269+0000] {dag.py:2981} INFO - Setting next_dagrun for H8_Automation_Clean to 2024-01-01T00:00:00+00:00, run_after=2025-01-01T00:00:00+00:00
[2023-10-02T07:20:37.282+0000] {processor.py:161} INFO - Processing /opt/airflow/dags/P2M3_rais_yufli.py took 0.542 seconds
[2023-10-02T07:21:07.381+0000] {processor.py:153} INFO - Started process (PID=795) to work on /opt/airflow/dags/P2M3_rais_yufli.py
[2023-10-02T07:21:07.384+0000] {processor.py:640} INFO - Processing file /opt/airflow/dags/P2M3_rais_yufli.py for tasks to queue
[2023-10-02T07:21:07.385+0000] {logging_mixin.py:115} INFO - [2023-10-02T07:21:07.385+0000] {dagbag.py:508} INFO - Filling up the DagBag from /opt/airflow/dags/P2M3_rais_yufli.py
[2023-10-02T07:21:07.860+0000] {processor.py:650} INFO - DAG(s) dict_keys(['H8_Automation_Clean']) retrieved from /opt/airflow/dags/P2M3_rais_yufli.py
[2023-10-02T07:21:07.884+0000] {logging_mixin.py:115} INFO - [2023-10-02T07:21:07.884+0000] {dag.py:2429} INFO - Sync 1 DAGs
[2023-10-02T07:21:07.910+0000] {logging_mixin.py:115} INFO - [2023-10-02T07:21:07.909+0000] {dag.py:2981} INFO - Setting next_dagrun for H8_Automation_Clean to 2024-01-01T00:00:00+00:00, run_after=2025-01-01T00:00:00+00:00
[2023-10-02T07:21:07.921+0000] {processor.py:161} INFO - Processing /opt/airflow/dags/P2M3_rais_yufli.py took 0.544 seconds
[2023-10-02T07:21:38.031+0000] {processor.py:153} INFO - Started process (PID=801) to work on /opt/airflow/dags/P2M3_rais_yufli.py
[2023-10-02T07:21:38.035+0000] {processor.py:640} INFO - Processing file /opt/airflow/dags/P2M3_rais_yufli.py for tasks to queue
[2023-10-02T07:21:38.036+0000] {logging_mixin.py:115} INFO - [2023-10-02T07:21:38.036+0000] {dagbag.py:508} INFO - Filling up the DagBag from /opt/airflow/dags/P2M3_rais_yufli.py
[2023-10-02T07:21:38.497+0000] {processor.py:650} INFO - DAG(s) dict_keys(['H8_Automation_Clean']) retrieved from /opt/airflow/dags/P2M3_rais_yufli.py
[2023-10-02T07:21:38.524+0000] {logging_mixin.py:115} INFO - [2023-10-02T07:21:38.523+0000] {dag.py:2429} INFO - Sync 1 DAGs
[2023-10-02T07:21:38.549+0000] {logging_mixin.py:115} INFO - [2023-10-02T07:21:38.548+0000] {dag.py:2981} INFO - Setting next_dagrun for H8_Automation_Clean to 2024-01-01T00:00:00+00:00, run_after=2025-01-01T00:00:00+00:00
[2023-10-02T07:21:38.561+0000] {processor.py:161} INFO - Processing /opt/airflow/dags/P2M3_rais_yufli.py took 0.534 seconds
[2023-10-02T07:22:08.680+0000] {processor.py:153} INFO - Started process (PID=807) to work on /opt/airflow/dags/P2M3_rais_yufli.py
[2023-10-02T07:22:08.683+0000] {processor.py:640} INFO - Processing file /opt/airflow/dags/P2M3_rais_yufli.py for tasks to queue
[2023-10-02T07:22:08.684+0000] {logging_mixin.py:115} INFO - [2023-10-02T07:22:08.684+0000] {dagbag.py:508} INFO - Filling up the DagBag from /opt/airflow/dags/P2M3_rais_yufli.py
[2023-10-02T07:22:09.189+0000] {processor.py:650} INFO - DAG(s) dict_keys(['H8_Automation_Clean']) retrieved from /opt/airflow/dags/P2M3_rais_yufli.py
[2023-10-02T07:22:09.220+0000] {logging_mixin.py:115} INFO - [2023-10-02T07:22:09.219+0000] {dag.py:2429} INFO - Sync 1 DAGs
[2023-10-02T07:22:09.247+0000] {logging_mixin.py:115} INFO - [2023-10-02T07:22:09.247+0000] {dag.py:2981} INFO - Setting next_dagrun for H8_Automation_Clean to 2024-01-01T00:00:00+00:00, run_after=2025-01-01T00:00:00+00:00
[2023-10-02T07:22:09.261+0000] {processor.py:161} INFO - Processing /opt/airflow/dags/P2M3_rais_yufli.py took 0.586 seconds
[2023-10-02T07:22:39.373+0000] {processor.py:153} INFO - Started process (PID=813) to work on /opt/airflow/dags/P2M3_rais_yufli.py
[2023-10-02T07:22:39.375+0000] {processor.py:640} INFO - Processing file /opt/airflow/dags/P2M3_rais_yufli.py for tasks to queue
[2023-10-02T07:22:39.377+0000] {logging_mixin.py:115} INFO - [2023-10-02T07:22:39.376+0000] {dagbag.py:508} INFO - Filling up the DagBag from /opt/airflow/dags/P2M3_rais_yufli.py
[2023-10-02T07:22:39.860+0000] {processor.py:650} INFO - DAG(s) dict_keys(['H8_Automation_Clean']) retrieved from /opt/airflow/dags/P2M3_rais_yufli.py
[2023-10-02T07:22:39.886+0000] {logging_mixin.py:115} INFO - [2023-10-02T07:22:39.885+0000] {dag.py:2429} INFO - Sync 1 DAGs
[2023-10-02T07:22:39.913+0000] {logging_mixin.py:115} INFO - [2023-10-02T07:22:39.912+0000] {dag.py:2981} INFO - Setting next_dagrun for H8_Automation_Clean to 2024-01-01T00:00:00+00:00, run_after=2025-01-01T00:00:00+00:00
[2023-10-02T07:22:39.924+0000] {processor.py:161} INFO - Processing /opt/airflow/dags/P2M3_rais_yufli.py took 0.555 seconds
[2023-10-02T07:23:10.036+0000] {processor.py:153} INFO - Started process (PID=819) to work on /opt/airflow/dags/P2M3_rais_yufli.py
[2023-10-02T07:23:10.038+0000] {processor.py:640} INFO - Processing file /opt/airflow/dags/P2M3_rais_yufli.py for tasks to queue
[2023-10-02T07:23:10.039+0000] {logging_mixin.py:115} INFO - [2023-10-02T07:23:10.039+0000] {dagbag.py:508} INFO - Filling up the DagBag from /opt/airflow/dags/P2M3_rais_yufli.py
[2023-10-02T07:23:10.547+0000] {processor.py:650} INFO - DAG(s) dict_keys(['H8_Automation_Clean']) retrieved from /opt/airflow/dags/P2M3_rais_yufli.py
[2023-10-02T07:23:10.571+0000] {logging_mixin.py:115} INFO - [2023-10-02T07:23:10.571+0000] {dag.py:2429} INFO - Sync 1 DAGs
[2023-10-02T07:23:10.596+0000] {logging_mixin.py:115} INFO - [2023-10-02T07:23:10.596+0000] {dag.py:2981} INFO - Setting next_dagrun for H8_Automation_Clean to 2024-01-01T00:00:00+00:00, run_after=2025-01-01T00:00:00+00:00
[2023-10-02T07:23:10.607+0000] {processor.py:161} INFO - Processing /opt/airflow/dags/P2M3_rais_yufli.py took 0.576 seconds
[2023-10-02T07:23:40.707+0000] {processor.py:153} INFO - Started process (PID=825) to work on /opt/airflow/dags/P2M3_rais_yufli.py
[2023-10-02T07:23:40.709+0000] {processor.py:640} INFO - Processing file /opt/airflow/dags/P2M3_rais_yufli.py for tasks to queue
[2023-10-02T07:23:40.711+0000] {logging_mixin.py:115} INFO - [2023-10-02T07:23:40.711+0000] {dagbag.py:508} INFO - Filling up the DagBag from /opt/airflow/dags/P2M3_rais_yufli.py
[2023-10-02T07:23:41.291+0000] {processor.py:650} INFO - DAG(s) dict_keys(['H8_Automation_Clean']) retrieved from /opt/airflow/dags/P2M3_rais_yufli.py
[2023-10-02T07:23:41.326+0000] {logging_mixin.py:115} INFO - [2023-10-02T07:23:41.325+0000] {dag.py:2429} INFO - Sync 1 DAGs
[2023-10-02T07:23:41.361+0000] {logging_mixin.py:115} INFO - [2023-10-02T07:23:41.361+0000] {dag.py:2981} INFO - Setting next_dagrun for H8_Automation_Clean to 2024-01-01T00:00:00+00:00, run_after=2025-01-01T00:00:00+00:00
[2023-10-02T07:23:41.382+0000] {processor.py:161} INFO - Processing /opt/airflow/dags/P2M3_rais_yufli.py took 0.680 seconds
[2023-10-02T07:24:11.484+0000] {processor.py:153} INFO - Started process (PID=831) to work on /opt/airflow/dags/P2M3_rais_yufli.py
[2023-10-02T07:24:11.486+0000] {processor.py:640} INFO - Processing file /opt/airflow/dags/P2M3_rais_yufli.py for tasks to queue
[2023-10-02T07:24:11.488+0000] {logging_mixin.py:115} INFO - [2023-10-02T07:24:11.487+0000] {dagbag.py:508} INFO - Filling up the DagBag from /opt/airflow/dags/P2M3_rais_yufli.py
[2023-10-02T07:24:11.961+0000] {processor.py:650} INFO - DAG(s) dict_keys(['H8_Automation_Clean']) retrieved from /opt/airflow/dags/P2M3_rais_yufli.py
[2023-10-02T07:24:11.985+0000] {logging_mixin.py:115} INFO - [2023-10-02T07:24:11.985+0000] {dag.py:2429} INFO - Sync 1 DAGs
[2023-10-02T07:24:12.011+0000] {logging_mixin.py:115} INFO - [2023-10-02T07:24:12.011+0000] {dag.py:2981} INFO - Setting next_dagrun for H8_Automation_Clean to 2024-01-01T00:00:00+00:00, run_after=2025-01-01T00:00:00+00:00
[2023-10-02T07:24:12.027+0000] {processor.py:161} INFO - Processing /opt/airflow/dags/P2M3_rais_yufli.py took 0.547 seconds
[2023-10-02T07:24:42.132+0000] {processor.py:153} INFO - Started process (PID=837) to work on /opt/airflow/dags/P2M3_rais_yufli.py
[2023-10-02T07:24:42.135+0000] {processor.py:640} INFO - Processing file /opt/airflow/dags/P2M3_rais_yufli.py for tasks to queue
[2023-10-02T07:24:42.137+0000] {logging_mixin.py:115} INFO - [2023-10-02T07:24:42.136+0000] {dagbag.py:508} INFO - Filling up the DagBag from /opt/airflow/dags/P2M3_rais_yufli.py
[2023-10-02T07:24:42.609+0000] {processor.py:650} INFO - DAG(s) dict_keys(['H8_Automation_Clean']) retrieved from /opt/airflow/dags/P2M3_rais_yufli.py
[2023-10-02T07:24:42.638+0000] {logging_mixin.py:115} INFO - [2023-10-02T07:24:42.637+0000] {dag.py:2429} INFO - Sync 1 DAGs
[2023-10-02T07:24:42.671+0000] {logging_mixin.py:115} INFO - [2023-10-02T07:24:42.671+0000] {dag.py:2981} INFO - Setting next_dagrun for H8_Automation_Clean to 2024-01-01T00:00:00+00:00, run_after=2025-01-01T00:00:00+00:00
[2023-10-02T07:24:42.686+0000] {processor.py:161} INFO - Processing /opt/airflow/dags/P2M3_rais_yufli.py took 0.558 seconds
[2023-10-02T07:25:12.785+0000] {processor.py:153} INFO - Started process (PID=843) to work on /opt/airflow/dags/P2M3_rais_yufli.py
[2023-10-02T07:25:12.787+0000] {processor.py:640} INFO - Processing file /opt/airflow/dags/P2M3_rais_yufli.py for tasks to queue
[2023-10-02T07:25:12.788+0000] {logging_mixin.py:115} INFO - [2023-10-02T07:25:12.788+0000] {dagbag.py:508} INFO - Filling up the DagBag from /opt/airflow/dags/P2M3_rais_yufli.py
[2023-10-02T07:25:13.239+0000] {processor.py:650} INFO - DAG(s) dict_keys(['H8_Automation_Clean']) retrieved from /opt/airflow/dags/P2M3_rais_yufli.py
[2023-10-02T07:25:13.264+0000] {logging_mixin.py:115} INFO - [2023-10-02T07:25:13.263+0000] {dag.py:2429} INFO - Sync 1 DAGs
[2023-10-02T07:25:13.289+0000] {logging_mixin.py:115} INFO - [2023-10-02T07:25:13.289+0000] {dag.py:2981} INFO - Setting next_dagrun for H8_Automation_Clean to 2024-01-01T00:00:00+00:00, run_after=2025-01-01T00:00:00+00:00
[2023-10-02T07:25:13.301+0000] {processor.py:161} INFO - Processing /opt/airflow/dags/P2M3_rais_yufli.py took 0.520 seconds
[2023-10-02T07:25:43.417+0000] {processor.py:153} INFO - Started process (PID=849) to work on /opt/airflow/dags/P2M3_rais_yufli.py
[2023-10-02T07:25:43.418+0000] {processor.py:640} INFO - Processing file /opt/airflow/dags/P2M3_rais_yufli.py for tasks to queue
[2023-10-02T07:25:43.420+0000] {logging_mixin.py:115} INFO - [2023-10-02T07:25:43.420+0000] {dagbag.py:508} INFO - Filling up the DagBag from /opt/airflow/dags/P2M3_rais_yufli.py
[2023-10-02T07:25:43.875+0000] {processor.py:650} INFO - DAG(s) dict_keys(['H8_Automation_Clean']) retrieved from /opt/airflow/dags/P2M3_rais_yufli.py
[2023-10-02T07:25:43.901+0000] {logging_mixin.py:115} INFO - [2023-10-02T07:25:43.900+0000] {dag.py:2429} INFO - Sync 1 DAGs
[2023-10-02T07:25:43.927+0000] {logging_mixin.py:115} INFO - [2023-10-02T07:25:43.927+0000] {dag.py:2981} INFO - Setting next_dagrun for H8_Automation_Clean to 2024-01-01T00:00:00+00:00, run_after=2025-01-01T00:00:00+00:00
[2023-10-02T07:25:43.939+0000] {processor.py:161} INFO - Processing /opt/airflow/dags/P2M3_rais_yufli.py took 0.526 seconds
[2023-10-02T07:26:14.039+0000] {processor.py:153} INFO - Started process (PID=855) to work on /opt/airflow/dags/P2M3_rais_yufli.py
[2023-10-02T07:26:14.042+0000] {processor.py:640} INFO - Processing file /opt/airflow/dags/P2M3_rais_yufli.py for tasks to queue
[2023-10-02T07:26:14.043+0000] {logging_mixin.py:115} INFO - [2023-10-02T07:26:14.043+0000] {dagbag.py:508} INFO - Filling up the DagBag from /opt/airflow/dags/P2M3_rais_yufli.py
[2023-10-02T07:26:14.535+0000] {processor.py:650} INFO - DAG(s) dict_keys(['H8_Automation_Clean']) retrieved from /opt/airflow/dags/P2M3_rais_yufli.py
[2023-10-02T07:26:14.563+0000] {logging_mixin.py:115} INFO - [2023-10-02T07:26:14.562+0000] {dag.py:2429} INFO - Sync 1 DAGs
[2023-10-02T07:26:14.595+0000] {logging_mixin.py:115} INFO - [2023-10-02T07:26:14.595+0000] {dag.py:2981} INFO - Setting next_dagrun for H8_Automation_Clean to 2024-01-01T00:00:00+00:00, run_after=2025-01-01T00:00:00+00:00
[2023-10-02T07:26:14.607+0000] {processor.py:161} INFO - Processing /opt/airflow/dags/P2M3_rais_yufli.py took 0.573 seconds
[2023-10-02T07:26:44.711+0000] {processor.py:153} INFO - Started process (PID=870) to work on /opt/airflow/dags/P2M3_rais_yufli.py
[2023-10-02T07:26:44.713+0000] {processor.py:640} INFO - Processing file /opt/airflow/dags/P2M3_rais_yufli.py for tasks to queue
[2023-10-02T07:26:44.715+0000] {logging_mixin.py:115} INFO - [2023-10-02T07:26:44.714+0000] {dagbag.py:508} INFO - Filling up the DagBag from /opt/airflow/dags/P2M3_rais_yufli.py
[2023-10-02T07:26:45.202+0000] {processor.py:650} INFO - DAG(s) dict_keys(['H8_Automation_Clean']) retrieved from /opt/airflow/dags/P2M3_rais_yufli.py
[2023-10-02T07:26:45.227+0000] {logging_mixin.py:115} INFO - [2023-10-02T07:26:45.226+0000] {dag.py:2429} INFO - Sync 1 DAGs
[2023-10-02T07:26:45.254+0000] {logging_mixin.py:115} INFO - [2023-10-02T07:26:45.254+0000] {dag.py:2981} INFO - Setting next_dagrun for H8_Automation_Clean to 2024-01-01T00:00:00+00:00, run_after=2025-01-01T00:00:00+00:00
[2023-10-02T07:26:45.267+0000] {processor.py:161} INFO - Processing /opt/airflow/dags/P2M3_rais_yufli.py took 0.560 seconds
[2023-10-02T07:27:15.362+0000] {processor.py:153} INFO - Started process (PID=876) to work on /opt/airflow/dags/P2M3_rais_yufli.py
[2023-10-02T07:27:15.364+0000] {processor.py:640} INFO - Processing file /opt/airflow/dags/P2M3_rais_yufli.py for tasks to queue
[2023-10-02T07:27:15.365+0000] {logging_mixin.py:115} INFO - [2023-10-02T07:27:15.365+0000] {dagbag.py:508} INFO - Filling up the DagBag from /opt/airflow/dags/P2M3_rais_yufli.py
[2023-10-02T07:27:16.105+0000] {processor.py:650} INFO - DAG(s) dict_keys(['H8_Automation_Clean']) retrieved from /opt/airflow/dags/P2M3_rais_yufli.py
[2023-10-02T07:27:16.237+0000] {logging_mixin.py:115} INFO - [2023-10-02T07:27:16.236+0000] {dag.py:2429} INFO - Sync 1 DAGs
[2023-10-02T07:27:16.288+0000] {logging_mixin.py:115} INFO - [2023-10-02T07:27:16.287+0000] {dag.py:2981} INFO - Setting next_dagrun for H8_Automation_Clean to 2024-01-01T00:00:00+00:00, run_after=2025-01-01T00:00:00+00:00
[2023-10-02T07:27:16.305+0000] {processor.py:161} INFO - Processing /opt/airflow/dags/P2M3_rais_yufli.py took 0.947 seconds
[2023-10-02T07:27:46.406+0000] {processor.py:153} INFO - Started process (PID=882) to work on /opt/airflow/dags/P2M3_rais_yufli.py
[2023-10-02T07:27:46.407+0000] {processor.py:640} INFO - Processing file /opt/airflow/dags/P2M3_rais_yufli.py for tasks to queue
[2023-10-02T07:27:46.409+0000] {logging_mixin.py:115} INFO - [2023-10-02T07:27:46.408+0000] {dagbag.py:508} INFO - Filling up the DagBag from /opt/airflow/dags/P2M3_rais_yufli.py
[2023-10-02T07:27:46.870+0000] {processor.py:650} INFO - DAG(s) dict_keys(['H8_Automation_Clean']) retrieved from /opt/airflow/dags/P2M3_rais_yufli.py
[2023-10-02T07:27:46.894+0000] {logging_mixin.py:115} INFO - [2023-10-02T07:27:46.893+0000] {dag.py:2429} INFO - Sync 1 DAGs
[2023-10-02T07:27:46.922+0000] {logging_mixin.py:115} INFO - [2023-10-02T07:27:46.922+0000] {dag.py:2981} INFO - Setting next_dagrun for H8_Automation_Clean to 2024-01-01T00:00:00+00:00, run_after=2025-01-01T00:00:00+00:00
[2023-10-02T07:27:46.935+0000] {processor.py:161} INFO - Processing /opt/airflow/dags/P2M3_rais_yufli.py took 0.533 seconds
[2023-10-02T07:28:17.048+0000] {processor.py:153} INFO - Started process (PID=888) to work on /opt/airflow/dags/P2M3_rais_yufli.py
[2023-10-02T07:28:17.049+0000] {processor.py:640} INFO - Processing file /opt/airflow/dags/P2M3_rais_yufli.py for tasks to queue
[2023-10-02T07:28:17.051+0000] {logging_mixin.py:115} INFO - [2023-10-02T07:28:17.050+0000] {dagbag.py:508} INFO - Filling up the DagBag from /opt/airflow/dags/P2M3_rais_yufli.py
[2023-10-02T07:28:17.508+0000] {processor.py:650} INFO - DAG(s) dict_keys(['H8_Automation_Clean']) retrieved from /opt/airflow/dags/P2M3_rais_yufli.py
[2023-10-02T07:28:17.533+0000] {logging_mixin.py:115} INFO - [2023-10-02T07:28:17.532+0000] {dag.py:2429} INFO - Sync 1 DAGs
[2023-10-02T07:28:17.559+0000] {logging_mixin.py:115} INFO - [2023-10-02T07:28:17.559+0000] {dag.py:2981} INFO - Setting next_dagrun for H8_Automation_Clean to 2024-01-01T00:00:00+00:00, run_after=2025-01-01T00:00:00+00:00
[2023-10-02T07:28:17.572+0000] {processor.py:161} INFO - Processing /opt/airflow/dags/P2M3_rais_yufli.py took 0.528 seconds
[2023-10-02T07:28:47.670+0000] {processor.py:153} INFO - Started process (PID=894) to work on /opt/airflow/dags/P2M3_rais_yufli.py
[2023-10-02T07:28:47.672+0000] {processor.py:640} INFO - Processing file /opt/airflow/dags/P2M3_rais_yufli.py for tasks to queue
[2023-10-02T07:28:47.674+0000] {logging_mixin.py:115} INFO - [2023-10-02T07:28:47.674+0000] {dagbag.py:508} INFO - Filling up the DagBag from /opt/airflow/dags/P2M3_rais_yufli.py
[2023-10-02T07:28:48.194+0000] {processor.py:650} INFO - DAG(s) dict_keys(['H8_Automation_Clean']) retrieved from /opt/airflow/dags/P2M3_rais_yufli.py
[2023-10-02T07:28:48.221+0000] {logging_mixin.py:115} INFO - [2023-10-02T07:28:48.221+0000] {dag.py:2429} INFO - Sync 1 DAGs
[2023-10-02T07:28:48.250+0000] {logging_mixin.py:115} INFO - [2023-10-02T07:28:48.250+0000] {dag.py:2981} INFO - Setting next_dagrun for H8_Automation_Clean to 2024-01-01T00:00:00+00:00, run_after=2025-01-01T00:00:00+00:00
[2023-10-02T07:28:48.264+0000] {processor.py:161} INFO - Processing /opt/airflow/dags/P2M3_rais_yufli.py took 0.598 seconds
[2023-10-02T07:29:18.383+0000] {processor.py:153} INFO - Started process (PID=900) to work on /opt/airflow/dags/P2M3_rais_yufli.py
[2023-10-02T07:29:18.389+0000] {processor.py:640} INFO - Processing file /opt/airflow/dags/P2M3_rais_yufli.py for tasks to queue
[2023-10-02T07:29:18.391+0000] {logging_mixin.py:115} INFO - [2023-10-02T07:29:18.391+0000] {dagbag.py:508} INFO - Filling up the DagBag from /opt/airflow/dags/P2M3_rais_yufli.py
[2023-10-02T07:29:18.992+0000] {processor.py:650} INFO - DAG(s) dict_keys(['H8_Automation_Clean']) retrieved from /opt/airflow/dags/P2M3_rais_yufli.py
[2023-10-02T07:29:19.019+0000] {logging_mixin.py:115} INFO - [2023-10-02T07:29:19.018+0000] {dag.py:2429} INFO - Sync 1 DAGs
[2023-10-02T07:29:19.046+0000] {logging_mixin.py:115} INFO - [2023-10-02T07:29:19.046+0000] {dag.py:2981} INFO - Setting next_dagrun for H8_Automation_Clean to 2024-01-01T00:00:00+00:00, run_after=2025-01-01T00:00:00+00:00
[2023-10-02T07:29:19.059+0000] {processor.py:161} INFO - Processing /opt/airflow/dags/P2M3_rais_yufli.py took 0.684 seconds
[2023-10-02T07:29:49.148+0000] {processor.py:153} INFO - Started process (PID=915) to work on /opt/airflow/dags/P2M3_rais_yufli.py
[2023-10-02T07:29:49.150+0000] {processor.py:640} INFO - Processing file /opt/airflow/dags/P2M3_rais_yufli.py for tasks to queue
[2023-10-02T07:29:49.152+0000] {logging_mixin.py:115} INFO - [2023-10-02T07:29:49.151+0000] {dagbag.py:508} INFO - Filling up the DagBag from /opt/airflow/dags/P2M3_rais_yufli.py
[2023-10-02T07:29:49.618+0000] {processor.py:650} INFO - DAG(s) dict_keys(['H8_Automation_Clean']) retrieved from /opt/airflow/dags/P2M3_rais_yufli.py
[2023-10-02T07:29:49.644+0000] {logging_mixin.py:115} INFO - [2023-10-02T07:29:49.643+0000] {dag.py:2429} INFO - Sync 1 DAGs
[2023-10-02T07:29:49.669+0000] {logging_mixin.py:115} INFO - [2023-10-02T07:29:49.669+0000] {dag.py:2981} INFO - Setting next_dagrun for H8_Automation_Clean to 2024-01-01T00:00:00+00:00, run_after=2025-01-01T00:00:00+00:00
[2023-10-02T07:29:49.683+0000] {processor.py:161} INFO - Processing /opt/airflow/dags/P2M3_rais_yufli.py took 0.538 seconds
[2023-10-02T07:30:19.807+0000] {processor.py:153} INFO - Started process (PID=921) to work on /opt/airflow/dags/P2M3_rais_yufli.py
[2023-10-02T07:30:19.810+0000] {processor.py:640} INFO - Processing file /opt/airflow/dags/P2M3_rais_yufli.py for tasks to queue
[2023-10-02T07:30:19.812+0000] {logging_mixin.py:115} INFO - [2023-10-02T07:30:19.812+0000] {dagbag.py:508} INFO - Filling up the DagBag from /opt/airflow/dags/P2M3_rais_yufli.py
[2023-10-02T07:30:20.372+0000] {processor.py:650} INFO - DAG(s) dict_keys(['H8_Automation_Clean']) retrieved from /opt/airflow/dags/P2M3_rais_yufli.py
[2023-10-02T07:30:20.396+0000] {logging_mixin.py:115} INFO - [2023-10-02T07:30:20.396+0000] {dag.py:2429} INFO - Sync 1 DAGs
[2023-10-02T07:30:20.423+0000] {logging_mixin.py:115} INFO - [2023-10-02T07:30:20.423+0000] {dag.py:2981} INFO - Setting next_dagrun for H8_Automation_Clean to 2024-01-01T00:00:00+00:00, run_after=2025-01-01T00:00:00+00:00
[2023-10-02T07:30:20.437+0000] {processor.py:161} INFO - Processing /opt/airflow/dags/P2M3_rais_yufli.py took 0.635 seconds
[2023-10-02T07:30:50.532+0000] {processor.py:153} INFO - Started process (PID=936) to work on /opt/airflow/dags/P2M3_rais_yufli.py
[2023-10-02T07:30:50.538+0000] {processor.py:640} INFO - Processing file /opt/airflow/dags/P2M3_rais_yufli.py for tasks to queue
[2023-10-02T07:30:50.540+0000] {logging_mixin.py:115} INFO - [2023-10-02T07:30:50.540+0000] {dagbag.py:508} INFO - Filling up the DagBag from /opt/airflow/dags/P2M3_rais_yufli.py
[2023-10-02T07:30:51.053+0000] {processor.py:650} INFO - DAG(s) dict_keys(['H8_Automation_Clean']) retrieved from /opt/airflow/dags/P2M3_rais_yufli.py
[2023-10-02T07:30:51.092+0000] {logging_mixin.py:115} INFO - [2023-10-02T07:30:51.091+0000] {dag.py:2429} INFO - Sync 1 DAGs
[2023-10-02T07:30:51.119+0000] {logging_mixin.py:115} INFO - [2023-10-02T07:30:51.119+0000] {dag.py:2981} INFO - Setting next_dagrun for H8_Automation_Clean to 2024-01-01T00:00:00+00:00, run_after=2025-01-01T00:00:00+00:00
[2023-10-02T07:30:51.131+0000] {processor.py:161} INFO - Processing /opt/airflow/dags/P2M3_rais_yufli.py took 0.603 seconds
[2023-10-02T07:31:21.275+0000] {processor.py:153} INFO - Started process (PID=942) to work on /opt/airflow/dags/P2M3_rais_yufli.py
[2023-10-02T07:31:21.281+0000] {processor.py:640} INFO - Processing file /opt/airflow/dags/P2M3_rais_yufli.py for tasks to queue
[2023-10-02T07:31:21.282+0000] {logging_mixin.py:115} INFO - [2023-10-02T07:31:21.282+0000] {dagbag.py:508} INFO - Filling up the DagBag from /opt/airflow/dags/P2M3_rais_yufli.py
[2023-10-02T07:31:21.932+0000] {processor.py:650} INFO - DAG(s) dict_keys(['H8_Automation_Clean']) retrieved from /opt/airflow/dags/P2M3_rais_yufli.py
[2023-10-02T07:31:21.957+0000] {logging_mixin.py:115} INFO - [2023-10-02T07:31:21.956+0000] {dag.py:2429} INFO - Sync 1 DAGs
[2023-10-02T07:31:21.983+0000] {logging_mixin.py:115} INFO - [2023-10-02T07:31:21.983+0000] {dag.py:2981} INFO - Setting next_dagrun for H8_Automation_Clean to 2024-01-01T00:00:00+00:00, run_after=2025-01-01T00:00:00+00:00
[2023-10-02T07:31:21.995+0000] {processor.py:161} INFO - Processing /opt/airflow/dags/P2M3_rais_yufli.py took 0.732 seconds
[2023-10-02T07:31:52.173+0000] {processor.py:153} INFO - Started process (PID=948) to work on /opt/airflow/dags/P2M3_rais_yufli.py
[2023-10-02T07:31:52.179+0000] {processor.py:640} INFO - Processing file /opt/airflow/dags/P2M3_rais_yufli.py for tasks to queue
[2023-10-02T07:31:52.184+0000] {logging_mixin.py:115} INFO - [2023-10-02T07:31:52.184+0000] {dagbag.py:508} INFO - Filling up the DagBag from /opt/airflow/dags/P2M3_rais_yufli.py
[2023-10-02T07:31:53.709+0000] {processor.py:650} INFO - DAG(s) dict_keys(['H8_Automation_Clean']) retrieved from /opt/airflow/dags/P2M3_rais_yufli.py
[2023-10-02T07:31:53.742+0000] {logging_mixin.py:115} INFO - [2023-10-02T07:31:53.741+0000] {dag.py:2429} INFO - Sync 1 DAGs
[2023-10-02T07:31:53.775+0000] {logging_mixin.py:115} INFO - [2023-10-02T07:31:53.775+0000] {dag.py:2981} INFO - Setting next_dagrun for H8_Automation_Clean to 2024-01-01T00:00:00+00:00, run_after=2025-01-01T00:00:00+00:00
[2023-10-02T07:31:53.789+0000] {processor.py:161} INFO - Processing /opt/airflow/dags/P2M3_rais_yufli.py took 1.624 seconds
[2023-10-02T07:32:23.910+0000] {processor.py:153} INFO - Started process (PID=954) to work on /opt/airflow/dags/P2M3_rais_yufli.py
[2023-10-02T07:32:23.914+0000] {processor.py:640} INFO - Processing file /opt/airflow/dags/P2M3_rais_yufli.py for tasks to queue
[2023-10-02T07:32:23.915+0000] {logging_mixin.py:115} INFO - [2023-10-02T07:32:23.915+0000] {dagbag.py:508} INFO - Filling up the DagBag from /opt/airflow/dags/P2M3_rais_yufli.py
[2023-10-02T07:32:24.416+0000] {processor.py:650} INFO - DAG(s) dict_keys(['H8_Automation_Clean']) retrieved from /opt/airflow/dags/P2M3_rais_yufli.py
[2023-10-02T07:32:24.445+0000] {logging_mixin.py:115} INFO - [2023-10-02T07:32:24.445+0000] {dag.py:2429} INFO - Sync 1 DAGs
[2023-10-02T07:32:24.494+0000] {logging_mixin.py:115} INFO - [2023-10-02T07:32:24.494+0000] {dag.py:2981} INFO - Setting next_dagrun for H8_Automation_Clean to 2024-01-01T00:00:00+00:00, run_after=2025-01-01T00:00:00+00:00
[2023-10-02T07:32:24.516+0000] {processor.py:161} INFO - Processing /opt/airflow/dags/P2M3_rais_yufli.py took 0.610 seconds
[2023-10-02T07:32:54.617+0000] {processor.py:153} INFO - Started process (PID=969) to work on /opt/airflow/dags/P2M3_rais_yufli.py
[2023-10-02T07:32:54.619+0000] {processor.py:640} INFO - Processing file /opt/airflow/dags/P2M3_rais_yufli.py for tasks to queue
[2023-10-02T07:32:54.621+0000] {logging_mixin.py:115} INFO - [2023-10-02T07:32:54.620+0000] {dagbag.py:508} INFO - Filling up the DagBag from /opt/airflow/dags/P2M3_rais_yufli.py
[2023-10-02T07:32:55.090+0000] {processor.py:650} INFO - DAG(s) dict_keys(['H8_Automation_Clean']) retrieved from /opt/airflow/dags/P2M3_rais_yufli.py
[2023-10-02T07:32:55.115+0000] {logging_mixin.py:115} INFO - [2023-10-02T07:32:55.114+0000] {dag.py:2429} INFO - Sync 1 DAGs
[2023-10-02T07:32:55.141+0000] {logging_mixin.py:115} INFO - [2023-10-02T07:32:55.141+0000] {dag.py:2981} INFO - Setting next_dagrun for H8_Automation_Clean to 2024-01-01T00:00:00+00:00, run_after=2025-01-01T00:00:00+00:00
[2023-10-02T07:32:55.154+0000] {processor.py:161} INFO - Processing /opt/airflow/dags/P2M3_rais_yufli.py took 0.541 seconds
[2023-10-02T07:33:25.252+0000] {processor.py:153} INFO - Started process (PID=975) to work on /opt/airflow/dags/P2M3_rais_yufli.py
[2023-10-02T07:33:25.256+0000] {processor.py:640} INFO - Processing file /opt/airflow/dags/P2M3_rais_yufli.py for tasks to queue
[2023-10-02T07:33:25.257+0000] {logging_mixin.py:115} INFO - [2023-10-02T07:33:25.257+0000] {dagbag.py:508} INFO - Filling up the DagBag from /opt/airflow/dags/P2M3_rais_yufli.py
[2023-10-02T07:33:25.711+0000] {processor.py:650} INFO - DAG(s) dict_keys(['H8_Automation_Clean']) retrieved from /opt/airflow/dags/P2M3_rais_yufli.py
[2023-10-02T07:33:25.735+0000] {logging_mixin.py:115} INFO - [2023-10-02T07:33:25.735+0000] {dag.py:2429} INFO - Sync 1 DAGs
[2023-10-02T07:33:25.761+0000] {logging_mixin.py:115} INFO - [2023-10-02T07:33:25.760+0000] {dag.py:2981} INFO - Setting next_dagrun for H8_Automation_Clean to 2024-01-01T00:00:00+00:00, run_after=2025-01-01T00:00:00+00:00
[2023-10-02T07:33:25.773+0000] {processor.py:161} INFO - Processing /opt/airflow/dags/P2M3_rais_yufli.py took 0.525 seconds
[2023-10-02T07:33:55.977+0000] {processor.py:153} INFO - Started process (PID=981) to work on /opt/airflow/dags/P2M3_rais_yufli.py
[2023-10-02T07:33:55.984+0000] {processor.py:640} INFO - Processing file /opt/airflow/dags/P2M3_rais_yufli.py for tasks to queue
[2023-10-02T07:33:55.991+0000] {logging_mixin.py:115} INFO - [2023-10-02T07:33:55.990+0000] {dagbag.py:508} INFO - Filling up the DagBag from /opt/airflow/dags/P2M3_rais_yufli.py
[2023-10-02T07:33:56.774+0000] {processor.py:650} INFO - DAG(s) dict_keys(['H8_Automation_Clean']) retrieved from /opt/airflow/dags/P2M3_rais_yufli.py
[2023-10-02T07:33:56.802+0000] {logging_mixin.py:115} INFO - [2023-10-02T07:33:56.801+0000] {dag.py:2429} INFO - Sync 1 DAGs
[2023-10-02T07:33:56.828+0000] {logging_mixin.py:115} INFO - [2023-10-02T07:33:56.827+0000] {dag.py:2981} INFO - Setting next_dagrun for H8_Automation_Clean to 2024-01-01T00:00:00+00:00, run_after=2025-01-01T00:00:00+00:00
[2023-10-02T07:33:56.840+0000] {processor.py:161} INFO - Processing /opt/airflow/dags/P2M3_rais_yufli.py took 0.873 seconds
[2023-10-02T07:34:26.941+0000] {processor.py:153} INFO - Started process (PID=996) to work on /opt/airflow/dags/P2M3_rais_yufli.py
[2023-10-02T07:34:26.944+0000] {processor.py:640} INFO - Processing file /opt/airflow/dags/P2M3_rais_yufli.py for tasks to queue
[2023-10-02T07:34:26.946+0000] {logging_mixin.py:115} INFO - [2023-10-02T07:34:26.946+0000] {dagbag.py:508} INFO - Filling up the DagBag from /opt/airflow/dags/P2M3_rais_yufli.py
[2023-10-02T07:34:27.408+0000] {processor.py:650} INFO - DAG(s) dict_keys(['H8_Automation_Clean']) retrieved from /opt/airflow/dags/P2M3_rais_yufli.py
[2023-10-02T07:34:27.433+0000] {logging_mixin.py:115} INFO - [2023-10-02T07:34:27.432+0000] {dag.py:2429} INFO - Sync 1 DAGs
[2023-10-02T07:34:27.458+0000] {logging_mixin.py:115} INFO - [2023-10-02T07:34:27.458+0000] {dag.py:2981} INFO - Setting next_dagrun for H8_Automation_Clean to 2024-01-01T00:00:00+00:00, run_after=2025-01-01T00:00:00+00:00
[2023-10-02T07:34:27.472+0000] {processor.py:161} INFO - Processing /opt/airflow/dags/P2M3_rais_yufli.py took 0.535 seconds
[2023-10-02T07:34:57.576+0000] {processor.py:153} INFO - Started process (PID=1002) to work on /opt/airflow/dags/P2M3_rais_yufli.py
[2023-10-02T07:34:57.578+0000] {processor.py:640} INFO - Processing file /opt/airflow/dags/P2M3_rais_yufli.py for tasks to queue
[2023-10-02T07:34:57.579+0000] {logging_mixin.py:115} INFO - [2023-10-02T07:34:57.579+0000] {dagbag.py:508} INFO - Filling up the DagBag from /opt/airflow/dags/P2M3_rais_yufli.py
[2023-10-02T07:34:58.051+0000] {processor.py:650} INFO - DAG(s) dict_keys(['H8_Automation_Clean']) retrieved from /opt/airflow/dags/P2M3_rais_yufli.py
[2023-10-02T07:34:58.076+0000] {logging_mixin.py:115} INFO - [2023-10-02T07:34:58.075+0000] {dag.py:2429} INFO - Sync 1 DAGs
[2023-10-02T07:34:58.102+0000] {logging_mixin.py:115} INFO - [2023-10-02T07:34:58.102+0000] {dag.py:2981} INFO - Setting next_dagrun for H8_Automation_Clean to 2024-01-01T00:00:00+00:00, run_after=2025-01-01T00:00:00+00:00
[2023-10-02T07:34:58.118+0000] {processor.py:161} INFO - Processing /opt/airflow/dags/P2M3_rais_yufli.py took 0.546 seconds
[2023-10-02T07:35:28.221+0000] {processor.py:153} INFO - Started process (PID=1008) to work on /opt/airflow/dags/P2M3_rais_yufli.py
[2023-10-02T07:35:28.225+0000] {processor.py:640} INFO - Processing file /opt/airflow/dags/P2M3_rais_yufli.py for tasks to queue
[2023-10-02T07:35:28.228+0000] {logging_mixin.py:115} INFO - [2023-10-02T07:35:28.228+0000] {dagbag.py:508} INFO - Filling up the DagBag from /opt/airflow/dags/P2M3_rais_yufli.py
[2023-10-02T07:35:28.694+0000] {processor.py:650} INFO - DAG(s) dict_keys(['H8_Automation_Clean']) retrieved from /opt/airflow/dags/P2M3_rais_yufli.py
[2023-10-02T07:35:28.718+0000] {logging_mixin.py:115} INFO - [2023-10-02T07:35:28.718+0000] {dag.py:2429} INFO - Sync 1 DAGs
[2023-10-02T07:35:28.744+0000] {logging_mixin.py:115} INFO - [2023-10-02T07:35:28.744+0000] {dag.py:2981} INFO - Setting next_dagrun for H8_Automation_Clean to 2024-01-01T00:00:00+00:00, run_after=2025-01-01T00:00:00+00:00
[2023-10-02T07:35:28.756+0000] {processor.py:161} INFO - Processing /opt/airflow/dags/P2M3_rais_yufli.py took 0.540 seconds
[2023-10-02T07:35:58.849+0000] {processor.py:153} INFO - Started process (PID=1014) to work on /opt/airflow/dags/P2M3_rais_yufli.py
[2023-10-02T07:35:58.851+0000] {processor.py:640} INFO - Processing file /opt/airflow/dags/P2M3_rais_yufli.py for tasks to queue
[2023-10-02T07:35:58.853+0000] {logging_mixin.py:115} INFO - [2023-10-02T07:35:58.853+0000] {dagbag.py:508} INFO - Filling up the DagBag from /opt/airflow/dags/P2M3_rais_yufli.py
[2023-10-02T07:35:59.340+0000] {processor.py:650} INFO - DAG(s) dict_keys(['H8_Automation_Clean']) retrieved from /opt/airflow/dags/P2M3_rais_yufli.py
[2023-10-02T07:35:59.367+0000] {logging_mixin.py:115} INFO - [2023-10-02T07:35:59.367+0000] {dag.py:2429} INFO - Sync 1 DAGs
[2023-10-02T07:35:59.394+0000] {logging_mixin.py:115} INFO - [2023-10-02T07:35:59.394+0000] {dag.py:2981} INFO - Setting next_dagrun for H8_Automation_Clean to 2024-01-01T00:00:00+00:00, run_after=2025-01-01T00:00:00+00:00
[2023-10-02T07:35:59.405+0000] {processor.py:161} INFO - Processing /opt/airflow/dags/P2M3_rais_yufli.py took 0.560 seconds
[2023-10-02T07:36:29.514+0000] {processor.py:153} INFO - Started process (PID=1020) to work on /opt/airflow/dags/P2M3_rais_yufli.py
[2023-10-02T07:36:29.515+0000] {processor.py:640} INFO - Processing file /opt/airflow/dags/P2M3_rais_yufli.py for tasks to queue
[2023-10-02T07:36:29.517+0000] {logging_mixin.py:115} INFO - [2023-10-02T07:36:29.516+0000] {dagbag.py:508} INFO - Filling up the DagBag from /opt/airflow/dags/P2M3_rais_yufli.py
[2023-10-02T07:36:29.993+0000] {processor.py:650} INFO - DAG(s) dict_keys(['H8_Automation_Clean']) retrieved from /opt/airflow/dags/P2M3_rais_yufli.py
[2023-10-02T07:36:30.018+0000] {logging_mixin.py:115} INFO - [2023-10-02T07:36:30.017+0000] {dag.py:2429} INFO - Sync 1 DAGs
[2023-10-02T07:36:30.043+0000] {logging_mixin.py:115} INFO - [2023-10-02T07:36:30.043+0000] {dag.py:2981} INFO - Setting next_dagrun for H8_Automation_Clean to 2024-01-01T00:00:00+00:00, run_after=2025-01-01T00:00:00+00:00
[2023-10-02T07:36:30.056+0000] {processor.py:161} INFO - Processing /opt/airflow/dags/P2M3_rais_yufli.py took 0.546 seconds
[2023-10-02T07:37:00.149+0000] {processor.py:153} INFO - Started process (PID=1035) to work on /opt/airflow/dags/P2M3_rais_yufli.py
[2023-10-02T07:37:00.151+0000] {processor.py:640} INFO - Processing file /opt/airflow/dags/P2M3_rais_yufli.py for tasks to queue
[2023-10-02T07:37:00.152+0000] {logging_mixin.py:115} INFO - [2023-10-02T07:37:00.152+0000] {dagbag.py:508} INFO - Filling up the DagBag from /opt/airflow/dags/P2M3_rais_yufli.py
[2023-10-02T07:37:00.662+0000] {processor.py:650} INFO - DAG(s) dict_keys(['H8_Automation_Clean']) retrieved from /opt/airflow/dags/P2M3_rais_yufli.py
[2023-10-02T07:37:00.689+0000] {logging_mixin.py:115} INFO - [2023-10-02T07:37:00.689+0000] {dag.py:2429} INFO - Sync 1 DAGs
[2023-10-02T07:37:00.699+0000] {logging_mixin.py:115} INFO - [2023-10-02T07:37:00.698+0000] {dag.py:2981} INFO - Setting next_dagrun for H8_Automation_Clean to 2024-01-01T00:00:00+00:00, run_after=2025-01-01T00:00:00+00:00
[2023-10-02T07:37:00.713+0000] {processor.py:161} INFO - Processing /opt/airflow/dags/P2M3_rais_yufli.py took 0.591 seconds
[2023-10-02T07:37:30.824+0000] {processor.py:153} INFO - Started process (PID=1041) to work on /opt/airflow/dags/P2M3_rais_yufli.py
[2023-10-02T07:37:30.826+0000] {processor.py:640} INFO - Processing file /opt/airflow/dags/P2M3_rais_yufli.py for tasks to queue
[2023-10-02T07:37:30.827+0000] {logging_mixin.py:115} INFO - [2023-10-02T07:37:30.827+0000] {dagbag.py:508} INFO - Filling up the DagBag from /opt/airflow/dags/P2M3_rais_yufli.py
[2023-10-02T07:37:31.306+0000] {processor.py:650} INFO - DAG(s) dict_keys(['H8_Automation_Clean']) retrieved from /opt/airflow/dags/P2M3_rais_yufli.py
[2023-10-02T07:37:31.330+0000] {logging_mixin.py:115} INFO - [2023-10-02T07:37:31.330+0000] {dag.py:2429} INFO - Sync 1 DAGs
[2023-10-02T07:37:31.356+0000] {logging_mixin.py:115} INFO - [2023-10-02T07:37:31.356+0000] {dag.py:2981} INFO - Setting next_dagrun for H8_Automation_Clean to 2024-01-01T00:00:00+00:00, run_after=2025-01-01T00:00:00+00:00
[2023-10-02T07:37:31.367+0000] {processor.py:161} INFO - Processing /opt/airflow/dags/P2M3_rais_yufli.py took 0.547 seconds
[2023-10-02T07:38:01.468+0000] {processor.py:153} INFO - Started process (PID=1056) to work on /opt/airflow/dags/P2M3_rais_yufli.py
[2023-10-02T07:38:01.471+0000] {processor.py:640} INFO - Processing file /opt/airflow/dags/P2M3_rais_yufli.py for tasks to queue
[2023-10-02T07:38:01.473+0000] {logging_mixin.py:115} INFO - [2023-10-02T07:38:01.473+0000] {dagbag.py:508} INFO - Filling up the DagBag from /opt/airflow/dags/P2M3_rais_yufli.py
[2023-10-02T07:38:01.938+0000] {processor.py:650} INFO - DAG(s) dict_keys(['H8_Automation_Clean']) retrieved from /opt/airflow/dags/P2M3_rais_yufli.py
[2023-10-02T07:38:01.963+0000] {logging_mixin.py:115} INFO - [2023-10-02T07:38:01.963+0000] {dag.py:2429} INFO - Sync 1 DAGs
[2023-10-02T07:38:01.996+0000] {logging_mixin.py:115} INFO - [2023-10-02T07:38:01.995+0000] {dag.py:2981} INFO - Setting next_dagrun for H8_Automation_Clean to 2024-01-01T00:00:00+00:00, run_after=2025-01-01T00:00:00+00:00
[2023-10-02T07:38:02.012+0000] {processor.py:161} INFO - Processing /opt/airflow/dags/P2M3_rais_yufli.py took 0.548 seconds
[2023-10-02T07:38:32.130+0000] {processor.py:153} INFO - Started process (PID=1062) to work on /opt/airflow/dags/P2M3_rais_yufli.py
[2023-10-02T07:38:32.132+0000] {processor.py:640} INFO - Processing file /opt/airflow/dags/P2M3_rais_yufli.py for tasks to queue
[2023-10-02T07:38:32.133+0000] {logging_mixin.py:115} INFO - [2023-10-02T07:38:32.133+0000] {dagbag.py:508} INFO - Filling up the DagBag from /opt/airflow/dags/P2M3_rais_yufli.py
[2023-10-02T07:38:32.595+0000] {processor.py:650} INFO - DAG(s) dict_keys(['H8_Automation_Clean']) retrieved from /opt/airflow/dags/P2M3_rais_yufli.py
[2023-10-02T07:38:32.619+0000] {logging_mixin.py:115} INFO - [2023-10-02T07:38:32.619+0000] {dag.py:2429} INFO - Sync 1 DAGs
[2023-10-02T07:38:32.645+0000] {logging_mixin.py:115} INFO - [2023-10-02T07:38:32.645+0000] {dag.py:2981} INFO - Setting next_dagrun for H8_Automation_Clean to 2024-01-01T00:00:00+00:00, run_after=2025-01-01T00:00:00+00:00
[2023-10-02T07:38:32.657+0000] {processor.py:161} INFO - Processing /opt/airflow/dags/P2M3_rais_yufli.py took 0.531 seconds
[2023-10-02T07:39:02.752+0000] {processor.py:153} INFO - Started process (PID=1068) to work on /opt/airflow/dags/P2M3_rais_yufli.py
[2023-10-02T07:39:02.754+0000] {processor.py:640} INFO - Processing file /opt/airflow/dags/P2M3_rais_yufli.py for tasks to queue
[2023-10-02T07:39:02.755+0000] {logging_mixin.py:115} INFO - [2023-10-02T07:39:02.755+0000] {dagbag.py:508} INFO - Filling up the DagBag from /opt/airflow/dags/P2M3_rais_yufli.py
[2023-10-02T07:39:03.236+0000] {processor.py:650} INFO - DAG(s) dict_keys(['H8_Automation_Clean']) retrieved from /opt/airflow/dags/P2M3_rais_yufli.py
[2023-10-02T07:39:03.260+0000] {logging_mixin.py:115} INFO - [2023-10-02T07:39:03.260+0000] {dag.py:2429} INFO - Sync 1 DAGs
[2023-10-02T07:39:03.287+0000] {logging_mixin.py:115} INFO - [2023-10-02T07:39:03.287+0000] {dag.py:2981} INFO - Setting next_dagrun for H8_Automation_Clean to 2024-01-01T00:00:00+00:00, run_after=2025-01-01T00:00:00+00:00
[2023-10-02T07:39:03.300+0000] {processor.py:161} INFO - Processing /opt/airflow/dags/P2M3_rais_yufli.py took 0.552 seconds
[2023-10-02T07:39:33.420+0000] {processor.py:153} INFO - Started process (PID=1074) to work on /opt/airflow/dags/P2M3_rais_yufli.py
[2023-10-02T07:39:33.424+0000] {processor.py:640} INFO - Processing file /opt/airflow/dags/P2M3_rais_yufli.py for tasks to queue
[2023-10-02T07:39:33.425+0000] {logging_mixin.py:115} INFO - [2023-10-02T07:39:33.425+0000] {dagbag.py:508} INFO - Filling up the DagBag from /opt/airflow/dags/P2M3_rais_yufli.py
[2023-10-02T07:39:33.917+0000] {processor.py:650} INFO - DAG(s) dict_keys(['H8_Automation_Clean']) retrieved from /opt/airflow/dags/P2M3_rais_yufli.py
[2023-10-02T07:39:33.943+0000] {logging_mixin.py:115} INFO - [2023-10-02T07:39:33.942+0000] {dag.py:2429} INFO - Sync 1 DAGs
[2023-10-02T07:39:33.975+0000] {logging_mixin.py:115} INFO - [2023-10-02T07:39:33.975+0000] {dag.py:2981} INFO - Setting next_dagrun for H8_Automation_Clean to 2024-01-01T00:00:00+00:00, run_after=2025-01-01T00:00:00+00:00
[2023-10-02T07:39:33.989+0000] {processor.py:161} INFO - Processing /opt/airflow/dags/P2M3_rais_yufli.py took 0.573 seconds
[2023-10-02T07:40:04.102+0000] {processor.py:153} INFO - Started process (PID=1080) to work on /opt/airflow/dags/P2M3_rais_yufli.py
[2023-10-02T07:40:04.104+0000] {processor.py:640} INFO - Processing file /opt/airflow/dags/P2M3_rais_yufli.py for tasks to queue
[2023-10-02T07:40:04.105+0000] {logging_mixin.py:115} INFO - [2023-10-02T07:40:04.105+0000] {dagbag.py:508} INFO - Filling up the DagBag from /opt/airflow/dags/P2M3_rais_yufli.py
[2023-10-02T07:40:04.564+0000] {processor.py:650} INFO - DAG(s) dict_keys(['H8_Automation_Clean']) retrieved from /opt/airflow/dags/P2M3_rais_yufli.py
[2023-10-02T07:40:04.589+0000] {logging_mixin.py:115} INFO - [2023-10-02T07:40:04.588+0000] {dag.py:2429} INFO - Sync 1 DAGs
[2023-10-02T07:40:04.614+0000] {logging_mixin.py:115} INFO - [2023-10-02T07:40:04.614+0000] {dag.py:2981} INFO - Setting next_dagrun for H8_Automation_Clean to 2024-01-01T00:00:00+00:00, run_after=2025-01-01T00:00:00+00:00
[2023-10-02T07:40:04.627+0000] {processor.py:161} INFO - Processing /opt/airflow/dags/P2M3_rais_yufli.py took 0.529 seconds
[2023-10-02T07:40:34.727+0000] {processor.py:153} INFO - Started process (PID=1086) to work on /opt/airflow/dags/P2M3_rais_yufli.py
[2023-10-02T07:40:34.729+0000] {processor.py:640} INFO - Processing file /opt/airflow/dags/P2M3_rais_yufli.py for tasks to queue
[2023-10-02T07:40:34.731+0000] {logging_mixin.py:115} INFO - [2023-10-02T07:40:34.731+0000] {dagbag.py:508} INFO - Filling up the DagBag from /opt/airflow/dags/P2M3_rais_yufli.py
[2023-10-02T07:40:35.191+0000] {processor.py:650} INFO - DAG(s) dict_keys(['H8_Automation_Clean']) retrieved from /opt/airflow/dags/P2M3_rais_yufli.py
[2023-10-02T07:40:35.215+0000] {logging_mixin.py:115} INFO - [2023-10-02T07:40:35.215+0000] {dag.py:2429} INFO - Sync 1 DAGs
[2023-10-02T07:40:35.241+0000] {logging_mixin.py:115} INFO - [2023-10-02T07:40:35.240+0000] {dag.py:2981} INFO - Setting next_dagrun for H8_Automation_Clean to 2024-01-01T00:00:00+00:00, run_after=2025-01-01T00:00:00+00:00
[2023-10-02T07:40:35.253+0000] {processor.py:161} INFO - Processing /opt/airflow/dags/P2M3_rais_yufli.py took 0.531 seconds
[2023-10-02T07:41:05.355+0000] {processor.py:153} INFO - Started process (PID=1092) to work on /opt/airflow/dags/P2M3_rais_yufli.py
[2023-10-02T07:41:05.356+0000] {processor.py:640} INFO - Processing file /opt/airflow/dags/P2M3_rais_yufli.py for tasks to queue
[2023-10-02T07:41:05.358+0000] {logging_mixin.py:115} INFO - [2023-10-02T07:41:05.358+0000] {dagbag.py:508} INFO - Filling up the DagBag from /opt/airflow/dags/P2M3_rais_yufli.py
[2023-10-02T07:41:05.836+0000] {processor.py:650} INFO - DAG(s) dict_keys(['H8_Automation_Clean']) retrieved from /opt/airflow/dags/P2M3_rais_yufli.py
[2023-10-02T07:41:05.862+0000] {logging_mixin.py:115} INFO - [2023-10-02T07:41:05.862+0000] {dag.py:2429} INFO - Sync 1 DAGs
[2023-10-02T07:41:05.889+0000] {logging_mixin.py:115} INFO - [2023-10-02T07:41:05.889+0000] {dag.py:2981} INFO - Setting next_dagrun for H8_Automation_Clean to 2024-01-01T00:00:00+00:00, run_after=2025-01-01T00:00:00+00:00
[2023-10-02T07:41:05.905+0000] {processor.py:161} INFO - Processing /opt/airflow/dags/P2M3_rais_yufli.py took 0.554 seconds
