[2023-10-03T10:31:28.758+0000] {processor.py:153} INFO - Started process (PID=187) to work on /opt/airflow/dags/P2M3_Rivaldi_Valensia_DAG.py
[2023-10-03T10:31:28.764+0000] {processor.py:640} INFO - Processing file /opt/airflow/dags/P2M3_Rivaldi_Valensia_DAG.py for tasks to queue
[2023-10-03T10:31:28.771+0000] {logging_mixin.py:115} INFO - [2023-10-03T10:31:28.770+0000] {dagbag.py:508} INFO - Filling up the DagBag from /opt/airflow/dags/P2M3_Rivaldi_Valensia_DAG.py
[2023-10-03T10:31:29.665+0000] {processor.py:650} INFO - DAG(s) dict_keys(['Valdi_Pipeline']) retrieved from /opt/airflow/dags/P2M3_Rivaldi_Valensia_DAG.py
[2023-10-03T10:31:29.769+0000] {logging_mixin.py:115} INFO - [2023-10-03T10:31:29.769+0000] {manager.py:508} INFO - Created Permission View: can delete on DAG:Valdi_Pipeline
[2023-10-03T10:31:29.784+0000] {logging_mixin.py:115} INFO - [2023-10-03T10:31:29.784+0000] {manager.py:508} INFO - Created Permission View: can edit on DAG:Valdi_Pipeline
[2023-10-03T10:31:29.797+0000] {logging_mixin.py:115} INFO - [2023-10-03T10:31:29.796+0000] {manager.py:508} INFO - Created Permission View: can read on DAG:Valdi_Pipeline
[2023-10-03T10:31:29.798+0000] {logging_mixin.py:115} INFO - [2023-10-03T10:31:29.798+0000] {dag.py:2429} INFO - Sync 1 DAGs
[2023-10-03T10:31:29.811+0000] {logging_mixin.py:115} INFO - [2023-10-03T10:31:29.811+0000] {dag.py:2448} INFO - Creating ORM DAG for Valdi_Pipeline
[2023-10-03T10:31:29.832+0000] {logging_mixin.py:115} INFO - [2023-10-03T10:31:29.832+0000] {dag.py:2981} INFO - Setting next_dagrun for Valdi_Pipeline to 2023-10-02T00:00:00+00:00, run_after=2023-10-03T00:00:00+00:00
[2023-10-03T10:31:29.852+0000] {processor.py:161} INFO - Processing /opt/airflow/dags/P2M3_Rivaldi_Valensia_DAG.py took 1.144 seconds
[2023-10-03T10:32:00.028+0000] {processor.py:153} INFO - Started process (PID=194) to work on /opt/airflow/dags/P2M3_Rivaldi_Valensia_DAG.py
[2023-10-03T10:32:00.032+0000] {processor.py:640} INFO - Processing file /opt/airflow/dags/P2M3_Rivaldi_Valensia_DAG.py for tasks to queue
[2023-10-03T10:32:00.033+0000] {logging_mixin.py:115} INFO - [2023-10-03T10:32:00.033+0000] {dagbag.py:508} INFO - Filling up the DagBag from /opt/airflow/dags/P2M3_Rivaldi_Valensia_DAG.py
[2023-10-03T10:32:00.831+0000] {processor.py:650} INFO - DAG(s) dict_keys(['Valdi_Pipeline']) retrieved from /opt/airflow/dags/P2M3_Rivaldi_Valensia_DAG.py
[2023-10-03T10:32:00.871+0000] {logging_mixin.py:115} INFO - [2023-10-03T10:32:00.870+0000] {dag.py:2429} INFO - Sync 1 DAGs
[2023-10-03T10:32:00.903+0000] {logging_mixin.py:115} INFO - [2023-10-03T10:32:00.903+0000] {dag.py:2981} INFO - Setting next_dagrun for Valdi_Pipeline to 2023-10-02T00:00:00+00:00, run_after=2023-10-03T00:00:00+00:00
[2023-10-03T10:32:00.922+0000] {processor.py:161} INFO - Processing /opt/airflow/dags/P2M3_Rivaldi_Valensia_DAG.py took 0.898 seconds
[2023-10-03T10:32:31.018+0000] {processor.py:153} INFO - Started process (PID=200) to work on /opt/airflow/dags/P2M3_Rivaldi_Valensia_DAG.py
[2023-10-03T10:32:31.022+0000] {processor.py:640} INFO - Processing file /opt/airflow/dags/P2M3_Rivaldi_Valensia_DAG.py for tasks to queue
[2023-10-03T10:32:31.023+0000] {logging_mixin.py:115} INFO - [2023-10-03T10:32:31.023+0000] {dagbag.py:508} INFO - Filling up the DagBag from /opt/airflow/dags/P2M3_Rivaldi_Valensia_DAG.py
[2023-10-03T10:32:31.492+0000] {processor.py:650} INFO - DAG(s) dict_keys(['Valdi_Pipeline']) retrieved from /opt/airflow/dags/P2M3_Rivaldi_Valensia_DAG.py
[2023-10-03T10:32:31.520+0000] {logging_mixin.py:115} INFO - [2023-10-03T10:32:31.520+0000] {dag.py:2429} INFO - Sync 1 DAGs
[2023-10-03T10:32:31.553+0000] {logging_mixin.py:115} INFO - [2023-10-03T10:32:31.552+0000] {dag.py:2981} INFO - Setting next_dagrun for Valdi_Pipeline to 2023-10-02T00:00:00+00:00, run_after=2023-10-03T00:00:00+00:00
[2023-10-03T10:32:31.566+0000] {processor.py:161} INFO - Processing /opt/airflow/dags/P2M3_Rivaldi_Valensia_DAG.py took 0.553 seconds
[2023-10-03T10:33:01.683+0000] {processor.py:153} INFO - Started process (PID=206) to work on /opt/airflow/dags/P2M3_Rivaldi_Valensia_DAG.py
[2023-10-03T10:33:01.687+0000] {processor.py:640} INFO - Processing file /opt/airflow/dags/P2M3_Rivaldi_Valensia_DAG.py for tasks to queue
[2023-10-03T10:33:01.688+0000] {logging_mixin.py:115} INFO - [2023-10-03T10:33:01.688+0000] {dagbag.py:508} INFO - Filling up the DagBag from /opt/airflow/dags/P2M3_Rivaldi_Valensia_DAG.py
[2023-10-03T10:33:02.267+0000] {processor.py:650} INFO - DAG(s) dict_keys(['Valdi_Pipeline']) retrieved from /opt/airflow/dags/P2M3_Rivaldi_Valensia_DAG.py
[2023-10-03T10:33:02.304+0000] {logging_mixin.py:115} INFO - [2023-10-03T10:33:02.304+0000] {dag.py:2429} INFO - Sync 1 DAGs
[2023-10-03T10:33:02.342+0000] {logging_mixin.py:115} INFO - [2023-10-03T10:33:02.342+0000] {dag.py:2981} INFO - Setting next_dagrun for Valdi_Pipeline to 2023-10-02T00:00:00+00:00, run_after=2023-10-03T00:00:00+00:00
[2023-10-03T10:33:02.359+0000] {processor.py:161} INFO - Processing /opt/airflow/dags/P2M3_Rivaldi_Valensia_DAG.py took 0.681 seconds
[2023-10-03T10:33:32.497+0000] {processor.py:153} INFO - Started process (PID=218) to work on /opt/airflow/dags/P2M3_Rivaldi_Valensia_DAG.py
[2023-10-03T10:33:32.500+0000] {processor.py:640} INFO - Processing file /opt/airflow/dags/P2M3_Rivaldi_Valensia_DAG.py for tasks to queue
[2023-10-03T10:33:32.502+0000] {logging_mixin.py:115} INFO - [2023-10-03T10:33:32.502+0000] {dagbag.py:508} INFO - Filling up the DagBag from /opt/airflow/dags/P2M3_Rivaldi_Valensia_DAG.py
[2023-10-03T10:33:33.003+0000] {processor.py:650} INFO - DAG(s) dict_keys(['Valdi_Pipeline']) retrieved from /opt/airflow/dags/P2M3_Rivaldi_Valensia_DAG.py
[2023-10-03T10:33:33.032+0000] {logging_mixin.py:115} INFO - [2023-10-03T10:33:33.031+0000] {dag.py:2429} INFO - Sync 1 DAGs
[2023-10-03T10:33:33.061+0000] {logging_mixin.py:115} INFO - [2023-10-03T10:33:33.061+0000] {dag.py:2981} INFO - Setting next_dagrun for Valdi_Pipeline to 2023-10-03T00:00:00+00:00, run_after=2023-10-04T00:00:00+00:00
[2023-10-03T10:33:33.077+0000] {processor.py:161} INFO - Processing /opt/airflow/dags/P2M3_Rivaldi_Valensia_DAG.py took 0.585 seconds
[2023-10-03T10:34:03.312+0000] {processor.py:153} INFO - Started process (PID=224) to work on /opt/airflow/dags/P2M3_Rivaldi_Valensia_DAG.py
[2023-10-03T10:34:03.315+0000] {processor.py:640} INFO - Processing file /opt/airflow/dags/P2M3_Rivaldi_Valensia_DAG.py for tasks to queue
[2023-10-03T10:34:03.319+0000] {logging_mixin.py:115} INFO - [2023-10-03T10:34:03.318+0000] {dagbag.py:508} INFO - Filling up the DagBag from /opt/airflow/dags/P2M3_Rivaldi_Valensia_DAG.py
[2023-10-03T10:34:04.255+0000] {processor.py:650} INFO - DAG(s) dict_keys(['Valdi_Pipeline']) retrieved from /opt/airflow/dags/P2M3_Rivaldi_Valensia_DAG.py
[2023-10-03T10:34:04.287+0000] {logging_mixin.py:115} INFO - [2023-10-03T10:34:04.286+0000] {dag.py:2429} INFO - Sync 1 DAGs
[2023-10-03T10:34:04.335+0000] {logging_mixin.py:115} INFO - [2023-10-03T10:34:04.334+0000] {dag.py:2981} INFO - Setting next_dagrun for Valdi_Pipeline to 2023-10-03T00:00:00+00:00, run_after=2023-10-04T00:00:00+00:00
[2023-10-03T10:34:04.365+0000] {processor.py:161} INFO - Processing /opt/airflow/dags/P2M3_Rivaldi_Valensia_DAG.py took 1.060 seconds
[2023-10-03T10:34:34.504+0000] {processor.py:153} INFO - Started process (PID=230) to work on /opt/airflow/dags/P2M3_Rivaldi_Valensia_DAG.py
[2023-10-03T10:34:34.507+0000] {processor.py:640} INFO - Processing file /opt/airflow/dags/P2M3_Rivaldi_Valensia_DAG.py for tasks to queue
[2023-10-03T10:34:34.509+0000] {logging_mixin.py:115} INFO - [2023-10-03T10:34:34.508+0000] {dagbag.py:508} INFO - Filling up the DagBag from /opt/airflow/dags/P2M3_Rivaldi_Valensia_DAG.py
[2023-10-03T10:34:35.153+0000] {processor.py:650} INFO - DAG(s) dict_keys(['Valdi_Pipeline']) retrieved from /opt/airflow/dags/P2M3_Rivaldi_Valensia_DAG.py
[2023-10-03T10:34:35.187+0000] {logging_mixin.py:115} INFO - [2023-10-03T10:34:35.187+0000] {dag.py:2429} INFO - Sync 1 DAGs
[2023-10-03T10:34:35.224+0000] {logging_mixin.py:115} INFO - [2023-10-03T10:34:35.224+0000] {dag.py:2981} INFO - Setting next_dagrun for Valdi_Pipeline to 2023-10-03T00:00:00+00:00, run_after=2023-10-04T00:00:00+00:00
[2023-10-03T10:34:35.241+0000] {processor.py:161} INFO - Processing /opt/airflow/dags/P2M3_Rivaldi_Valensia_DAG.py took 0.741 seconds
[2023-10-03T10:35:05.356+0000] {processor.py:153} INFO - Started process (PID=236) to work on /opt/airflow/dags/P2M3_Rivaldi_Valensia_DAG.py
[2023-10-03T10:35:05.358+0000] {processor.py:640} INFO - Processing file /opt/airflow/dags/P2M3_Rivaldi_Valensia_DAG.py for tasks to queue
[2023-10-03T10:35:05.359+0000] {logging_mixin.py:115} INFO - [2023-10-03T10:35:05.359+0000] {dagbag.py:508} INFO - Filling up the DagBag from /opt/airflow/dags/P2M3_Rivaldi_Valensia_DAG.py
[2023-10-03T10:35:05.854+0000] {processor.py:650} INFO - DAG(s) dict_keys(['Valdi_Pipeline']) retrieved from /opt/airflow/dags/P2M3_Rivaldi_Valensia_DAG.py
[2023-10-03T10:35:05.883+0000] {logging_mixin.py:115} INFO - [2023-10-03T10:35:05.883+0000] {dag.py:2429} INFO - Sync 1 DAGs
[2023-10-03T10:35:05.917+0000] {logging_mixin.py:115} INFO - [2023-10-03T10:35:05.916+0000] {dag.py:2981} INFO - Setting next_dagrun for Valdi_Pipeline to 2023-10-03T00:00:00+00:00, run_after=2023-10-04T00:00:00+00:00
[2023-10-03T10:35:05.932+0000] {processor.py:161} INFO - Processing /opt/airflow/dags/P2M3_Rivaldi_Valensia_DAG.py took 0.581 seconds
[2023-10-03T10:35:36.041+0000] {processor.py:153} INFO - Started process (PID=245) to work on /opt/airflow/dags/P2M3_Rivaldi_Valensia_DAG.py
[2023-10-03T10:35:36.044+0000] {processor.py:640} INFO - Processing file /opt/airflow/dags/P2M3_Rivaldi_Valensia_DAG.py for tasks to queue
[2023-10-03T10:35:36.045+0000] {logging_mixin.py:115} INFO - [2023-10-03T10:35:36.045+0000] {dagbag.py:508} INFO - Filling up the DagBag from /opt/airflow/dags/P2M3_Rivaldi_Valensia_DAG.py
[2023-10-03T10:35:36.520+0000] {processor.py:650} INFO - DAG(s) dict_keys(['Valdi_Pipeline']) retrieved from /opt/airflow/dags/P2M3_Rivaldi_Valensia_DAG.py
[2023-10-03T10:35:36.553+0000] {logging_mixin.py:115} INFO - [2023-10-03T10:35:36.553+0000] {dag.py:2429} INFO - Sync 1 DAGs
[2023-10-03T10:35:36.582+0000] {logging_mixin.py:115} INFO - [2023-10-03T10:35:36.581+0000] {dag.py:2981} INFO - Setting next_dagrun for Valdi_Pipeline to 2023-10-03T00:00:00+00:00, run_after=2023-10-04T00:00:00+00:00
[2023-10-03T10:35:36.596+0000] {processor.py:161} INFO - Processing /opt/airflow/dags/P2M3_Rivaldi_Valensia_DAG.py took 0.559 seconds
[2023-10-03T10:36:06.728+0000] {processor.py:153} INFO - Started process (PID=251) to work on /opt/airflow/dags/P2M3_Rivaldi_Valensia_DAG.py
[2023-10-03T10:36:06.731+0000] {processor.py:640} INFO - Processing file /opt/airflow/dags/P2M3_Rivaldi_Valensia_DAG.py for tasks to queue
[2023-10-03T10:36:06.732+0000] {logging_mixin.py:115} INFO - [2023-10-03T10:36:06.732+0000] {dagbag.py:508} INFO - Filling up the DagBag from /opt/airflow/dags/P2M3_Rivaldi_Valensia_DAG.py
[2023-10-03T10:36:07.203+0000] {processor.py:650} INFO - DAG(s) dict_keys(['Valdi_Pipeline']) retrieved from /opt/airflow/dags/P2M3_Rivaldi_Valensia_DAG.py
[2023-10-03T10:36:07.232+0000] {logging_mixin.py:115} INFO - [2023-10-03T10:36:07.231+0000] {dag.py:2429} INFO - Sync 1 DAGs
[2023-10-03T10:36:07.262+0000] {logging_mixin.py:115} INFO - [2023-10-03T10:36:07.262+0000] {dag.py:2981} INFO - Setting next_dagrun for Valdi_Pipeline to 2023-10-03T00:00:00+00:00, run_after=2023-10-04T00:00:00+00:00
[2023-10-03T10:36:07.278+0000] {processor.py:161} INFO - Processing /opt/airflow/dags/P2M3_Rivaldi_Valensia_DAG.py took 0.554 seconds
[2023-10-03T10:36:37.396+0000] {processor.py:153} INFO - Started process (PID=257) to work on /opt/airflow/dags/P2M3_Rivaldi_Valensia_DAG.py
[2023-10-03T10:36:37.398+0000] {processor.py:640} INFO - Processing file /opt/airflow/dags/P2M3_Rivaldi_Valensia_DAG.py for tasks to queue
[2023-10-03T10:36:37.399+0000] {logging_mixin.py:115} INFO - [2023-10-03T10:36:37.399+0000] {dagbag.py:508} INFO - Filling up the DagBag from /opt/airflow/dags/P2M3_Rivaldi_Valensia_DAG.py
[2023-10-03T10:36:37.856+0000] {processor.py:650} INFO - DAG(s) dict_keys(['Valdi_Pipeline']) retrieved from /opt/airflow/dags/P2M3_Rivaldi_Valensia_DAG.py
[2023-10-03T10:36:37.881+0000] {logging_mixin.py:115} INFO - [2023-10-03T10:36:37.880+0000] {dag.py:2429} INFO - Sync 1 DAGs
[2023-10-03T10:36:37.907+0000] {logging_mixin.py:115} INFO - [2023-10-03T10:36:37.907+0000] {dag.py:2981} INFO - Setting next_dagrun for Valdi_Pipeline to 2023-10-03T00:00:00+00:00, run_after=2023-10-04T00:00:00+00:00
[2023-10-03T10:36:37.921+0000] {processor.py:161} INFO - Processing /opt/airflow/dags/P2M3_Rivaldi_Valensia_DAG.py took 0.528 seconds
[2023-10-03T10:37:08.014+0000] {processor.py:153} INFO - Started process (PID=263) to work on /opt/airflow/dags/P2M3_Rivaldi_Valensia_DAG.py
[2023-10-03T10:37:08.016+0000] {processor.py:640} INFO - Processing file /opt/airflow/dags/P2M3_Rivaldi_Valensia_DAG.py for tasks to queue
[2023-10-03T10:37:08.017+0000] {logging_mixin.py:115} INFO - [2023-10-03T10:37:08.017+0000] {dagbag.py:508} INFO - Filling up the DagBag from /opt/airflow/dags/P2M3_Rivaldi_Valensia_DAG.py
[2023-10-03T10:37:08.478+0000] {processor.py:650} INFO - DAG(s) dict_keys(['Valdi_Pipeline']) retrieved from /opt/airflow/dags/P2M3_Rivaldi_Valensia_DAG.py
[2023-10-03T10:37:08.502+0000] {logging_mixin.py:115} INFO - [2023-10-03T10:37:08.502+0000] {dag.py:2429} INFO - Sync 1 DAGs
[2023-10-03T10:37:08.529+0000] {logging_mixin.py:115} INFO - [2023-10-03T10:37:08.529+0000] {dag.py:2981} INFO - Setting next_dagrun for Valdi_Pipeline to 2023-10-03T00:00:00+00:00, run_after=2023-10-04T00:00:00+00:00
[2023-10-03T10:37:08.541+0000] {processor.py:161} INFO - Processing /opt/airflow/dags/P2M3_Rivaldi_Valensia_DAG.py took 0.531 seconds
[2023-10-03T10:37:38.648+0000] {processor.py:153} INFO - Started process (PID=269) to work on /opt/airflow/dags/P2M3_Rivaldi_Valensia_DAG.py
[2023-10-03T10:37:38.650+0000] {processor.py:640} INFO - Processing file /opt/airflow/dags/P2M3_Rivaldi_Valensia_DAG.py for tasks to queue
[2023-10-03T10:37:38.651+0000] {logging_mixin.py:115} INFO - [2023-10-03T10:37:38.651+0000] {dagbag.py:508} INFO - Filling up the DagBag from /opt/airflow/dags/P2M3_Rivaldi_Valensia_DAG.py
