[2023-10-01T12:31:55.379+0000] {taskinstance.py:1171} INFO - Dependencies all met for <TaskInstance: Valdi_Pipeline.clean_dataframe manual__2023-10-01T11:31:45.520154+00:00 [queued]>
[2023-10-01T12:31:55.393+0000] {taskinstance.py:1171} INFO - Dependencies all met for <TaskInstance: Valdi_Pipeline.clean_dataframe manual__2023-10-01T11:31:45.520154+00:00 [queued]>
[2023-10-01T12:31:55.394+0000] {taskinstance.py:1368} INFO - 
--------------------------------------------------------------------------------
[2023-10-01T12:31:55.395+0000] {taskinstance.py:1369} INFO - Starting attempt 1 of 2
[2023-10-01T12:31:55.396+0000] {taskinstance.py:1370} INFO - 
--------------------------------------------------------------------------------
[2023-10-01T12:31:55.416+0000] {taskinstance.py:1389} INFO - Executing <Task(PythonOperator): clean_dataframe> on 2023-10-01 11:31:45.520154+00:00
[2023-10-01T12:31:55.425+0000] {standard_task_runner.py:52} INFO - Started process 946 to run task
[2023-10-01T12:31:55.430+0000] {standard_task_runner.py:79} INFO - Running: ['***', 'tasks', 'run', 'Valdi_Pipeline', 'clean_dataframe', 'manual__2023-10-01T11:31:45.520154+00:00', '--job-id', '10', '--raw', '--subdir', 'DAGS_FOLDER/P2M3_Rivaldi_Valensia_DAG.py', '--cfg-path', '/tmp/tmpmqzxev1e', '--error-file', '/tmp/tmp9fyf5js0']
[2023-10-01T12:31:55.433+0000] {standard_task_runner.py:80} INFO - Job 10: Subtask clean_dataframe
[2023-10-01T12:31:55.535+0000] {task_command.py:371} INFO - Running <TaskInstance: Valdi_Pipeline.clean_dataframe manual__2023-10-01T11:31:45.520154+00:00 [running]> on host aede7beb5ed8
[2023-10-01T12:31:55.638+0000] {taskinstance.py:1583} INFO - Exporting the following env vars:
AIRFLOW_CTX_DAG_OWNER=Valdi
AIRFLOW_CTX_DAG_ID=Valdi_Pipeline
AIRFLOW_CTX_TASK_ID=clean_dataframe
AIRFLOW_CTX_EXECUTION_DATE=2023-10-01T11:31:45.520154+00:00
AIRFLOW_CTX_TRY_NUMBER=1
AIRFLOW_CTX_DAG_RUN_ID=manual__2023-10-01T11:31:45.520154+00:00
[2023-10-01T12:31:55.890+0000] {logging_mixin.py:115} INFO - -------Data Saved------
[2023-10-01T12:31:55.891+0000] {python.py:173} INFO - Done. Returned value was: None
[2023-10-01T12:31:55.910+0000] {taskinstance.py:1412} INFO - Marking task as SUCCESS. dag_id=Valdi_Pipeline, task_id=clean_dataframe, execution_date=20231001T113145, start_date=20231001T123155, end_date=20231001T123155
[2023-10-01T12:31:55.966+0000] {local_task_job.py:156} INFO - Task exited with return code 0
[2023-10-01T12:31:56.018+0000] {local_task_job.py:279} INFO - 1 downstream tasks scheduled from follow-on schedule check
