[2023-10-02T07:26:40.551+0000] {taskinstance.py:1171} INFO - Dependencies all met for <TaskInstance: H8_Automation_Clean.cleaning_data manual__2023-10-02T07:26:36.541644+00:00 [queued]>
[2023-10-02T07:26:40.564+0000] {taskinstance.py:1171} INFO - Dependencies all met for <TaskInstance: H8_Automation_Clean.cleaning_data manual__2023-10-02T07:26:36.541644+00:00 [queued]>
[2023-10-02T07:26:40.566+0000] {taskinstance.py:1368} INFO - 
--------------------------------------------------------------------------------
[2023-10-02T07:26:40.567+0000] {taskinstance.py:1369} INFO - Starting attempt 1 of 1
[2023-10-02T07:26:40.568+0000] {taskinstance.py:1370} INFO - 
--------------------------------------------------------------------------------
[2023-10-02T07:26:40.585+0000] {taskinstance.py:1389} INFO - Executing <Task(PythonOperator): cleaning_data> on 2023-10-02 07:26:36.541644+00:00
[2023-10-02T07:26:40.594+0000] {standard_task_runner.py:52} INFO - Started process 866 to run task
[2023-10-02T07:26:40.597+0000] {standard_task_runner.py:79} INFO - Running: ['***', 'tasks', 'run', 'H8_Automation_Clean', 'cleaning_data', 'manual__2023-10-02T07:26:36.541644+00:00', '--job-id', '24', '--raw', '--subdir', 'DAGS_FOLDER/P2M3_rais_yufli.py', '--cfg-path', '/tmp/tmp5tdk8sfd', '--error-file', '/tmp/tmpxa5vv8r3']
[2023-10-02T07:26:40.599+0000] {standard_task_runner.py:80} INFO - Job 24: Subtask cleaning_data
[2023-10-02T07:26:40.739+0000] {task_command.py:371} INFO - Running <TaskInstance: H8_Automation_Clean.cleaning_data manual__2023-10-02T07:26:36.541644+00:00 [running]> on host 5f5d0b98abe4
[2023-10-02T07:26:40.837+0000] {taskinstance.py:1583} INFO - Exporting the following env vars:
AIRFLOW_CTX_DAG_OWNER=Rais
AIRFLOW_CTX_DAG_ID=H8_Automation_Clean
AIRFLOW_CTX_TASK_ID=cleaning_data
AIRFLOW_CTX_EXECUTION_DATE=2023-10-02T07:26:36.541644+00:00
AIRFLOW_CTX_TRY_NUMBER=1
AIRFLOW_CTX_DAG_RUN_ID=manual__2023-10-02T07:26:36.541644+00:00
[2023-10-02T07:26:40.880+0000] {python.py:173} INFO - Done. Returned value was: None
[2023-10-02T07:26:40.901+0000] {taskinstance.py:1412} INFO - Marking task as SUCCESS. dag_id=H8_Automation_Clean, task_id=cleaning_data, execution_date=20231002T072636, start_date=20231002T072640, end_date=20231002T072640
[2023-10-02T07:26:40.935+0000] {local_task_job.py:156} INFO - Task exited with return code 0
[2023-10-02T07:26:40.983+0000] {local_task_job.py:279} INFO - 1 downstream tasks scheduled from follow-on schedule check
