[2023-10-01T11:40:04.643+0000] {taskinstance.py:1171} INFO - Dependencies all met for <TaskInstance: Valdi_Pipeline.clean_dataframe manual__2023-10-01T11:40:00.363950+00:00 [queued]>
[2023-10-01T11:40:04.657+0000] {taskinstance.py:1171} INFO - Dependencies all met for <TaskInstance: Valdi_Pipeline.clean_dataframe manual__2023-10-01T11:40:00.363950+00:00 [queued]>
[2023-10-01T11:40:04.658+0000] {taskinstance.py:1368} INFO - 
--------------------------------------------------------------------------------
[2023-10-01T11:40:04.659+0000] {taskinstance.py:1369} INFO - Starting attempt 1 of 2
[2023-10-01T11:40:04.660+0000] {taskinstance.py:1370} INFO - 
--------------------------------------------------------------------------------
[2023-10-01T11:40:04.693+0000] {taskinstance.py:1389} INFO - Executing <Task(PythonOperator): clean_dataframe> on 2023-10-01 11:40:00.363950+00:00
[2023-10-01T11:40:04.701+0000] {standard_task_runner.py:52} INFO - Started process 325 to run task
[2023-10-01T11:40:04.705+0000] {standard_task_runner.py:79} INFO - Running: ['***', 'tasks', 'run', 'Valdi_Pipeline', 'clean_dataframe', 'manual__2023-10-01T11:40:00.363950+00:00', '--job-id', '7', '--raw', '--subdir', 'DAGS_FOLDER/P2M3_Rivaldi_Valensia_DAG.py', '--cfg-path', '/tmp/tmp4fr_rzn5', '--error-file', '/tmp/tmpq4pk1wrj']
[2023-10-01T11:40:04.707+0000] {standard_task_runner.py:80} INFO - Job 7: Subtask clean_dataframe
[2023-10-01T11:40:04.800+0000] {task_command.py:371} INFO - Running <TaskInstance: Valdi_Pipeline.clean_dataframe manual__2023-10-01T11:40:00.363950+00:00 [running]> on host aede7beb5ed8
[2023-10-01T11:40:04.915+0000] {taskinstance.py:1583} INFO - Exporting the following env vars:
AIRFLOW_CTX_DAG_OWNER=Valdi
AIRFLOW_CTX_DAG_ID=Valdi_Pipeline
AIRFLOW_CTX_TASK_ID=clean_dataframe
AIRFLOW_CTX_EXECUTION_DATE=2023-10-01T11:40:00.363950+00:00
AIRFLOW_CTX_TRY_NUMBER=1
AIRFLOW_CTX_DAG_RUN_ID=manual__2023-10-01T11:40:00.363950+00:00
[2023-10-01T11:40:05.152+0000] {logging_mixin.py:115} INFO - -------Data Saved------
[2023-10-01T11:40:05.154+0000] {python.py:173} INFO - Done. Returned value was: None
[2023-10-01T11:40:05.172+0000] {taskinstance.py:1412} INFO - Marking task as SUCCESS. dag_id=Valdi_Pipeline, task_id=clean_dataframe, execution_date=20231001T114000, start_date=20231001T114004, end_date=20231001T114005
[2023-10-01T11:40:05.241+0000] {local_task_job.py:156} INFO - Task exited with return code 0
[2023-10-01T11:40:05.294+0000] {local_task_job.py:279} INFO - 1 downstream tasks scheduled from follow-on schedule check
