[2023-10-02T07:30:34.324+0000] {taskinstance.py:1171} INFO - Dependencies all met for <TaskInstance: H8_Automation_Clean.cleaning_data manual__2023-10-02T07:30:31.103014+00:00 [queued]>
[2023-10-02T07:30:34.341+0000] {taskinstance.py:1171} INFO - Dependencies all met for <TaskInstance: H8_Automation_Clean.cleaning_data manual__2023-10-02T07:30:31.103014+00:00 [queued]>
[2023-10-02T07:30:34.342+0000] {taskinstance.py:1368} INFO - 
--------------------------------------------------------------------------------
[2023-10-02T07:30:34.343+0000] {taskinstance.py:1369} INFO - Starting attempt 1 of 1
[2023-10-02T07:30:34.344+0000] {taskinstance.py:1370} INFO - 
--------------------------------------------------------------------------------
[2023-10-02T07:30:34.361+0000] {taskinstance.py:1389} INFO - Executing <Task(PythonOperator): cleaning_data> on 2023-10-02 07:30:31.103014+00:00
[2023-10-02T07:30:34.369+0000] {standard_task_runner.py:52} INFO - Started process 932 to run task
[2023-10-02T07:30:34.373+0000] {standard_task_runner.py:79} INFO - Running: ['***', 'tasks', 'run', 'H8_Automation_Clean', 'cleaning_data', 'manual__2023-10-02T07:30:31.103014+00:00', '--job-id', '30', '--raw', '--subdir', 'DAGS_FOLDER/P2M3_rais_yufli.py', '--cfg-path', '/tmp/tmpqyvylgd2', '--error-file', '/tmp/tmpjh73iieo']
[2023-10-02T07:30:34.380+0000] {standard_task_runner.py:80} INFO - Job 30: Subtask cleaning_data
[2023-10-02T07:30:34.465+0000] {task_command.py:371} INFO - Running <TaskInstance: H8_Automation_Clean.cleaning_data manual__2023-10-02T07:30:31.103014+00:00 [running]> on host 5f5d0b98abe4
[2023-10-02T07:30:34.560+0000] {taskinstance.py:1583} INFO - Exporting the following env vars:
AIRFLOW_CTX_DAG_OWNER=Rais
AIRFLOW_CTX_DAG_ID=H8_Automation_Clean
AIRFLOW_CTX_TASK_ID=cleaning_data
AIRFLOW_CTX_EXECUTION_DATE=2023-10-02T07:30:31.103014+00:00
AIRFLOW_CTX_TRY_NUMBER=1
AIRFLOW_CTX_DAG_RUN_ID=manual__2023-10-02T07:30:31.103014+00:00
[2023-10-02T07:30:34.589+0000] {python.py:173} INFO - Done. Returned value was: None
[2023-10-02T07:30:34.606+0000] {taskinstance.py:1412} INFO - Marking task as SUCCESS. dag_id=H8_Automation_Clean, task_id=cleaning_data, execution_date=20231002T073031, start_date=20231002T073034, end_date=20231002T073034
[2023-10-02T07:30:34.668+0000] {local_task_job.py:156} INFO - Task exited with return code 0
[2023-10-02T07:30:34.716+0000] {local_task_job.py:279} INFO - 1 downstream tasks scheduled from follow-on schedule check
